#
# A fatal error has been detected by the Java Runtime Environment:
#
#  SIGSEGV (0xb) at pc=0x00000001085f7027, pid=2377, tid=0x0000000000013507
#
# JRE version: Java(TM) SE Runtime Environment (8.0_191-b12) (build 1.8.0_191-b12)
# Java VM: Java HotSpot(TM) 64-Bit Server VM (25.191-b12 mixed mode bsd-amd64 compressed oops)
# Problematic frame:
# C  [libawt_lwawt.dylib+0x1c027]  OGLSD_SetScratchSurface+0x49
#
# Failed to write core dump. Core dumps have been disabled. To enable core dumping, try "ulimit -c unlimited" before starting Java again
#
# If you would like to submit a bug report, please visit:
#   http://bugreport.java.com/bugreport/crash.jsp
# The crash happened outside the Java Virtual Machine in native code.
# See problematic frame for where to report the bug.
#

---------------  T H R E A D  ---------------

Current thread (0x00007fb6ef8c4800):  JavaThread "Java2D Queue Flusher" daemon [_thread_in_native, id=79111, stack(0x000070000fca5000,0x000070000fda5000)]

siginfo: si_signo: 11 (SIGSEGV), si_code: 1 (SEGV_MAPERR), si_addr: 0x00000000ade40011

Registers:
RAX=0x00000000ffffffff, RBX=0x00000000ade40011, RCX=0x0000000000000047, RDX=0x0000000108618b14
RSP=0x000070000fda4710, RBP=0x000070000fda4730, RSI=0x00007fb6eef79f10, RDI=0x00007fb6ef8c49f8
R8 =0x00000000000011c5, R9 =0xffffffff00000000, R10=0x0000000109de1738, R11=0x00007fb6eec05c48
R12=0x0000000000000000, R13=0x000000010a161dd0, R14=0x00007fb6ef8c49f8, R15=0x00007fb6ef8c4800
RIP=0x00000001085f7027, EFLAGS=0x0000000000010206, ERR=0x0000000000000004
  TRAPNO=0x000000000000000e

Top of Stack: (sp=0x000070000fda4710)
0x000070000fda4710:   00007fb6eef79f10 0000000000000000
0x000070000fda4720:   00007fb6ef2ec410 00007fb6ef8c4800
0x000070000fda4730:   000070000fda47b0 00000001086185f2
0x000070000fda4740:   000000000fda4960 000000015f13da00
0x000070000fda4750:   0000000000000000 000000010a161dd0
0x000070000fda4760:   000070000fda4780 0000000000000064
0x000070000fda4770:   00007fb6ef2f5808 00007fb6ef2ec420
0x000070000fda4780:   00007fb6008c4800 00007fb6ef8c49f8
0x000070000fda4790:   000000015f13da00 0000000000000000
0x000070000fda47a0:   000070000fda4960 00007fb6ef8c4800
0x000070000fda47b0:   000070000fda4800 0000000109de17aa
0x000070000fda47c0:   0000000781768af0 0000000101b517a8
0x000070000fda47d0:   0000000000000005 00007fb6ef8c4800
0x000070000fda47e0:   0000000781768b01 00007fb6eef18b30
0x000070000fda47f0:   000070000fda4800 00007fb6ef8c4800
0x000070000fda4800:   000070000fda49d0 0000000109e497fc
0x000070000fda4810:   000070000fda4960 00007fb6ef8c4800
0x000070000fda4820:   000070000fda4870 0000000109b5a268
0x000070000fda4830:   0000000781768bc8 000070000fda4860
0x000070000fda4840:   00000001050cba00 0000000000000064
0x000070000fda4850:   00007fb6eece12b0 0000000109b5a1d8
0x000070000fda4860:   0000000781768af0 0000000000000202
0x000070000fda4870:   000070000fda49d0 000000010a162b44
0x000070000fda4880:   000070000fda48e8 0000000000000000
0x000070000fda4890:   0000000000000000 0000000000000000
0x000070000fda48a0:   0000000000000000 0000000100000000
0x000070000fda48b0:   00000000000000dc 0000000000000000
0x000070000fda48c0:   000070000fda4960 00007fb6ef8c4800
0x000070000fda48d0:   000070000fda4938 0000000109847cad
0x000070000fda48e0:   0000000100000000 00000007ac7aef28
0x000070000fda48f0:   0000000781768bc8 0000700000000000
0x000070000fda4900:   000000010a161dd0 000070000fda4960 

Instructions: (pc=0x00000001085f7027)
0x00000001085f7007:   c0 e9 82 00 00 00 48 8b 5e 10 48 85 db 75 0e bf
0x00000001085f7017:   01 00 00 00 48 8d 15 a8 96 03 00 eb d6 49 89 fe
0x00000001085f7027:   4c 8b 3b 30 c0 e8 ff bc 02 00 49 8b 3f 49 89 c4
0x00000001085f7037:   48 8b 35 02 29 06 00 30 c0 e8 0b be 02 00 48 85 

Register to memory mapping:

RAX=0x00000000ffffffff is an unknown value
RBX=0x00000000ade40011 is an unknown value
RCX=0x0000000000000047 is an unknown value
RDX=0x0000000108618b14: Java_sun_java2d_opengl_OGLRenderQueue_flushBuffer+0xb5c in /Library/Internet Plug-Ins/JavaAppletPlugin.plugin/Contents/Home/lib/libawt_lwawt.dylib at 0x00000001085db000
RSP=0x000070000fda4710 is pointing into the stack for thread: 0x00007fb6ef8c4800
RBP=0x000070000fda4730 is pointing into the stack for thread: 0x00007fb6ef8c4800
RSI=0x00007fb6eef79f10 is an unknown value
RDI=0x00007fb6ef8c49f8 is an unknown value
R8 =0x00000000000011c5 is an unknown value
R9 =0xffffffff00000000 is an unknown value
R10=0x0000000109de1738 is at entry_point+56 in (nmethod*)0x0000000109de1590
R11=0x00007fb6eec05c48 is an unknown value
R12=0x0000000000000000 is an unknown value
R13=0x000000010a161dd0 is at entry_point+-944 in (nmethod*)0x000000010a161dd0
R14=0x00007fb6ef8c49f8 is an unknown value
R15=0x00007fb6ef8c4800 is a thread


Stack: [0x000070000fca5000,0x000070000fda5000],  sp=0x000070000fda4710,  free space=1021k
Native frames: (J=compiled Java code, j=interpreted, Vv=VM code, C=native code)
C  [libawt_lwawt.dylib+0x1c027]  OGLSD_SetScratchSurface+0x49
C  [libawt_lwawt.dylib+0x3d5f2]  Java_sun_java2d_opengl_OGLRenderQueue_flushBuffer+0x63a
J 1889  sun.java2d.opengl.OGLRenderQueue.flushBuffer(JI)V (0 bytes) @ 0x0000000109de17aa [0x0000000109de1700+0xaa]
J 2037 C1 sun.java2d.opengl.OGLRenderQueue.flushBuffer()V (41 bytes) @ 0x0000000109e497fc [0x0000000109e495a0+0x25c]
J 3366% C1 sun.java2d.opengl.OGLRenderQueue$QueueFlusher.run()V (234 bytes) @ 0x000000010a162b44 [0x000000010a162180+0x9c4]
v  ~StubRoutines::call_stub
V  [libjvm.dylib+0x2ef9fe]
V  [libjvm.dylib+0x2f01a2]
V  [libjvm.dylib+0x2f034e]
V  [libjvm.dylib+0x34ac3d]
V  [libjvm.dylib+0x56f83f]
V  [libjvm.dylib+0x570f3a]
V  [libjvm.dylib+0x48e0be]
C  [libsystem_pthread.dylib+0x3661]  _pthread_body+0x154
C  [libsystem_pthread.dylib+0x350d]  _pthread_body+0x0
C  [libsystem_pthread.dylib+0x2bf9]  thread_start+0xd
C  0x0000000000000000

Java frames: (J=compiled Java code, j=interpreted, Vv=VM code)
J 1889  sun.java2d.opengl.OGLRenderQueue.flushBuffer(JI)V (0 bytes) @ 0x0000000109de1738 [0x0000000109de1700+0x38]
J 2037 C1 sun.java2d.opengl.OGLRenderQueue.flushBuffer()V (41 bytes) @ 0x0000000109e497fc [0x0000000109e495a0+0x25c]
J 3366% C1 sun.java2d.opengl.OGLRenderQueue$QueueFlusher.run()V (234 bytes) @ 0x000000010a162b44 [0x000000010a162180+0x9c4]
v  ~StubRoutines::call_stub

---------------  P R O C E S S  ---------------

Java Threads: ( => current thread )
  0x00007fb6f0610800 JavaThread "TimerQueue" daemon [_thread_blocked, id=36387, stack(0x0000700010031000,0x0000700010131000)]
  0x00007fb6ef826800 JavaThread "DestroyJavaVM" [_thread_blocked, id=6147, stack(0x000070000ec72000,0x000070000ed72000)]
  0x00007fb6ef434000 JavaThread "AWT-EventQueue-0" [_thread_blocked, id=53299, stack(0x000070000feab000,0x000070000ffab000)]
  0x00007fb6ef432000 JavaThread "AWT-Shutdown" [_thread_blocked, id=24947, stack(0x000070000fa9c000,0x000070000fb9c000)]
  0x00007fb6ef3c8000 JavaThread "Java2D Disposer" daemon [_thread_blocked, id=76583, stack(0x000070000fda8000,0x000070000fea8000)]
=>0x00007fb6ef8c4800 JavaThread "Java2D Queue Flusher" daemon [_thread_in_native, id=79111, stack(0x000070000fca5000,0x000070000fda5000)]
  0x00007fb6ef8a5000 JavaThread "AppKit Thread" daemon [_thread_in_native, id=775, stack(0x00007ffeee5f6000,0x00007ffeeedf6000)]
  0x00007fb6ef063000 JavaThread "Service Thread" daemon [_thread_blocked, id=14339, stack(0x000070000f896000,0x000070000f996000)]
  0x00007fb6ef060000 JavaThread "C1 CompilerThread2" daemon [_thread_blocked, id=14083, stack(0x000070000f793000,0x000070000f893000)]
  0x00007fb6ef05f800 JavaThread "C2 CompilerThread1" daemon [_thread_in_native, id=17923, stack(0x000070000f690000,0x000070000f790000)]
  0x00007fb6f002a000 JavaThread "C2 CompilerThread0" daemon [_thread_blocked, id=13827, stack(0x000070000f58d000,0x000070000f68d000)]
  0x00007fb6f0000800 JavaThread "Signal Dispatcher" daemon [_thread_blocked, id=18435, stack(0x000070000f48a000,0x000070000f58a000)]
  0x00007fb6f0806800 JavaThread "Finalizer" daemon [_thread_blocked, id=20483, stack(0x000070000f387000,0x000070000f487000)]
  0x00007fb6f001f800 JavaThread "Reference Handler" daemon [_thread_blocked, id=20995, stack(0x000070000f284000,0x000070000f384000)]

Other Threads:
  0x00007fb6ef051000 VMThread [stack: 0x000070000f181000,0x000070000f281000] [id=11779]
  0x00007fb6f0042800 WatcherThread [stack: 0x000070000f999000,0x000070000fa99000] [id=14595]

VM state:not at safepoint (normal execution)

VM Mutex/Monitor currently owned by a thread: None

Heap:
 PSYoungGen      total 22016K, used 8612K [0x00000007aab00000, 0x00000007ad480000, 0x00000007c0000000)
  eden space 13824K, 3% used [0x00000007aab00000,0x00000007aab6b9d0,0x00000007ab880000)
  from space 8192K, 99% used [0x00000007ab880000,0x00000007ac07d668,0x00000007ac080000)
  to   space 14336K, 0% used [0x00000007ac680000,0x00000007ac680000,0x00000007ad480000)
 ParOldGen       total 44032K, used 25010K [0x0000000780000000, 0x0000000782b00000, 0x00000007aab00000)
  object space 44032K, 56% used [0x0000000780000000,0x000000078186c8b8,0x0000000782b00000)
 Metaspace       used 17428K, capacity 17900K, committed 18048K, reserved 1064960K
  class space    used 2231K, capacity 2362K, committed 2432K, reserved 1048576K

Card table byte_map: [0x0000000102b74000,0x0000000102d75000] byte_map_base: 0x00000000fef74000

Marking Bits: (ParMarkBitMap*) 0x00000001020f9e00
 Begin Bits: [0x0000000102ecb000, 0x0000000103ecb000)
 End Bits:   [0x0000000103ecb000, 0x0000000104ecb000)

Polling page: 0x0000000100eb9000

CodeCache: size=245760Kb used=9571Kb max_used=9584Kb free=236188Kb
 bounds [0x0000000109826000, 0x000000010a196000, 0x0000000118826000]
 total_blobs=3600 nmethods=2987 adapters=523
 compilation: enabled

Compilation events (10 events):
Event: 16900.849 Thread 0x00007fb6ef060000 nmethod 3416 0x000000010a1776d0 code [0x000000010a177880, 0x000000010a177e48]
Event: 16900.855 Thread 0x00007fb6ef060000 3417   !   3       sun.util.locale.provider.JRELocaleProviderAdapter::getDateFormatProvider (56 bytes)
Event: 16900.856 Thread 0x00007fb6ef060000 nmethod 3417 0x000000010a185bd0 code [0x000000010a185d80, 0x000000010a186428]
Event: 16900.856 Thread 0x00007fb6ef060000 3418       3       java.text.Format::<init> (5 bytes)
Event: 16900.857 Thread 0x00007fb6ef060000 nmethod 3418 0x000000010a17c0d0 code [0x000000010a17c240, 0x000000010a17c3f0]
Event: 16900.874 Thread 0x00007fb6f002a000 nmethod 3415 0x000000010a18a610 code [0x000000010a18a800, 0x000000010a18bad8]
Event: 16902.638 Thread 0x00007fb6ef05f800 3419   !   4       javax.swing.JComponent::_paintImmediately (891 bytes)
Event: 16904.237 Thread 0x00007fb6f002a000 3420       4       sun.font.FontDesignMetrics::getHeight (35 bytes)
Event: 16904.238 Thread 0x00007fb6f002a000 nmethod 3420 0x000000010a165d50 code [0x000000010a165ea0, 0x000000010a165f78]
Event: 16904.411 Thread 0x00007fb6f002a000 3421   !   4       java.lang.ref.Reference::tryHandlePending (115 bytes)

GC Heap History (10 events):
Event: 788.687 GC heap before
{Heap before GC invocations=3 (full 0):
 PSYoungGen      total 18944K, used 18944K [0x00000007aab00000, 0x00000007ac000000, 0x00000007c0000000)
  eden space 16384K, 100% used [0x00000007aab00000,0x00000007abb00000,0x00000007abb00000)
  from space 2560K, 100% used [0x00000007abd80000,0x00000007ac000000,0x00000007ac000000)
  to   space 2560K, 0% used [0x00000007abb00000,0x00000007abb00000,0x00000007abd80000)
 ParOldGen       total 44032K, used 3761K [0x0000000780000000, 0x0000000782b00000, 0x00000007aab00000)
  object space 44032K, 8% used [0x0000000780000000,0x00000007803ac6d0,0x0000000782b00000)
 Metaspace       used 16541K, capacity 17000K, committed 17152K, reserved 1064960K
  class space    used 2165K, capacity 2298K, committed 2304K, reserved 1048576K
Event: 788.699 GC heap after
Heap after GC invocations=3 (full 0):
 PSYoungGen      total 18944K, used 2544K [0x00000007aab00000, 0x00000007ac000000, 0x00000007c0000000)
  eden space 16384K, 0% used [0x00000007aab00000,0x00000007aab00000,0x00000007abb00000)
  from space 2560K, 99% used [0x00000007abb00000,0x00000007abd7c010,0x00000007abd80000)
  to   space 2560K, 0% used [0x00000007abd80000,0x00000007abd80000,0x00000007ac000000)
 ParOldGen       total 44032K, used 10502K [0x0000000780000000, 0x0000000782b00000, 0x00000007aab00000)
  object space 44032K, 23% used [0x0000000780000000,0x0000000780a41a08,0x0000000782b00000)
 Metaspace       used 16541K, capacity 17000K, committed 17152K, reserved 1064960K
  class space    used 2165K, capacity 2298K, committed 2304K, reserved 1048576K
}
Event: 990.349 GC heap before
{Heap before GC invocations=4 (full 0):
 PSYoungGen      total 18944K, used 18928K [0x00000007aab00000, 0x00000007ac000000, 0x00000007c0000000)
  eden space 16384K, 100% used [0x00000007aab00000,0x00000007abb00000,0x00000007abb00000)
  from space 2560K, 99% used [0x00000007abb00000,0x00000007abd7c010,0x00000007abd80000)
  to   space 2560K, 0% used [0x00000007abd80000,0x00000007abd80000,0x00000007ac000000)
 ParOldGen       total 44032K, used 10502K [0x0000000780000000, 0x0000000782b00000, 0x00000007aab00000)
  object space 44032K, 23% used [0x0000000780000000,0x0000000780a41a08,0x0000000782b00000)
 Metaspace       used 16999K, capacity 17484K, committed 17792K, reserved 1064960K
  class space    used 2200K, capacity 2330K, committed 2432K, reserved 1048576K
Event: 990.359 GC heap after
Heap after GC invocations=4 (full 0):
 PSYoungGen      total 18944K, used 2535K [0x00000007aab00000, 0x00000007ac000000, 0x00000007c0000000)
  eden space 16384K, 0% used [0x00000007aab00000,0x00000007aab00000,0x00000007abb00000)
  from space 2560K, 99% used [0x00000007abd80000,0x00000007abff9e40,0x00000007ac000000)
  to   space 2560K, 0% used [0x00000007abb00000,0x00000007abb00000,0x00000007abd80000)
 ParOldGen       total 44032K, used 15095K [0x0000000780000000, 0x0000000782b00000, 0x00000007aab00000)
  object space 44032K, 34% used [0x0000000780000000,0x0000000780ebded0,0x0000000782b00000)
 Metaspace       used 16999K, capacity 17484K, committed 17792K, reserved 1064960K
  class space    used 2200K, capacity 2330K, committed 2432K, reserved 1048576K
}
Event: 1035.977 GC heap before
{Heap before GC invocations=5 (full 0):
 PSYoungGen      total 18944K, used 18919K [0x00000007aab00000, 0x00000007ac000000, 0x00000007c0000000)
  eden space 16384K, 100% used [0x00000007aab00000,0x00000007abb00000,0x00000007abb00000)
  from space 2560K, 99% used [0x00000007abd80000,0x00000007abff9e40,0x00000007ac000000)
  to   space 2560K, 0% used [0x00000007abb00000,0x00000007abb00000,0x00000007abd80000)
 ParOldGen       total 44032K, used 15095K [0x0000000780000000, 0x0000000782b00000, 0x00000007aab00000)
  object space 44032K, 34% used [0x0000000780000000,0x0000000780ebded0,0x0000000782b00000)
 Metaspace       used 17201K, capacity 17676K, committed 17792K, reserved 1064960K
  class space    used 2206K, capacity 2330K, committed 2432K, reserved 1048576K
Event: 1035.991 GC heap after
Heap after GC invocations=5 (full 0):
 PSYoungGen      total 18944K, used 2541K [0x00000007aab00000, 0x00000007ad400000, 0x00000007c0000000)
  eden space 16384K, 0% used [0x00000007aab00000,0x00000007aab00000,0x00000007abb00000)
  from space 2560K, 99% used [0x00000007abb00000,0x00000007abd7b468,0x00000007abd80000)
  to   space 12800K, 0% used [0x00000007ac780000,0x00000007ac780000,0x00000007ad400000)
 ParOldGen       total 44032K, used 23094K [0x0000000780000000, 0x0000000782b00000, 0x00000007aab00000)
  object space 44032K, 52% used [0x0000000780000000,0x000000078168db20,0x0000000782b00000)
 Metaspace       used 17201K, capacity 17676K, committed 17792K, reserved 1064960K
  class space    used 2206K, capacity 2330K, committed 2432K, reserved 1048576K
}
Event: 1045.222 GC heap before
{Heap before GC invocations=6 (full 0):
 PSYoungGen      total 18944K, used 18925K [0x00000007aab00000, 0x00000007ad400000, 0x00000007c0000000)
  eden space 16384K, 100% used [0x00000007aab00000,0x00000007abb00000,0x00000007abb00000)
  from space 2560K, 99% used [0x00000007abb00000,0x00000007abd7b468,0x00000007abd80000)
  to   space 12800K, 0% used [0x00000007ac780000,0x00000007ac780000,0x00000007ad400000)
 ParOldGen       total 44032K, used 23094K [0x0000000780000000, 0x0000000782b00000, 0x00000007aab00000)
  object space 44032K, 52% used [0x0000000780000000,0x000000078168db20,0x0000000782b00000)
 Metaspace       used 17312K, capacity 17772K, committed 18048K, reserved 1064960K
  class space    used 2225K, capacity 2362K, committed 2432K, reserved 1048576K
Event: 1045.244 GC heap after
Heap after GC invocations=6 (full 0):
 PSYoungGen      total 26624K, used 12790K [0x00000007aab00000, 0x00000007ad900000, 0x00000007c0000000)
  eden space 13824K, 0% used [0x00000007aab00000,0x00000007aab00000,0x00000007ab880000)
  from space 12800K, 99% used [0x00000007ac780000,0x00000007ad3fda58,0x00000007ad400000)
  to   space 15360K, 0% used [0x00000007ab880000,0x00000007ab880000,0x00000007ac780000)
 ParOldGen       total 44032K, used 23626K [0x0000000780000000, 0x0000000782b00000, 0x00000007aab00000)
  object space 44032K, 53% used [0x0000000780000000,0x0000000781712868,0x0000000782b00000)
 Metaspace       used 17312K, capacity 17772K, committed 18048K, reserved 1064960K
  class space    used 2225K, capacity 2362K, committed 2432K, reserved 1048576K
}
Event: 16904.354 GC heap before
{Heap before GC invocations=7 (full 0):
 PSYoungGen      total 26624K, used 26614K [0x00000007aab00000, 0x00000007ad900000, 0x00000007c0000000)
  eden space 13824K, 100% used [0x00000007aab00000,0x00000007ab880000,0x00000007ab880000)
  from space 12800K, 99% used [0x00000007ac780000,0x00000007ad3fda58,0x00000007ad400000)
  to   space 15360K, 0% used [0x00000007ab880000,0x00000007ab880000,0x00000007ac780000)
 ParOldGen       total 44032K, used 23626K [0x0000000780000000, 0x0000000782b00000, 0x00000007aab00000)
  object space 44032K, 53% used [0x0000000780000000,0x0000000781712868,0x0000000782b00000)
 Metaspace       used 17428K, capacity 17900K, committed 18048K, reserved 1064960K
  class space    used 2231K, capacity 2362K, committed 2432K, reserved 1048576K
Event: 16904.410 GC heap after
Heap after GC invocations=7 (full 0):
 PSYoungGen      total 22016K, used 8181K [0x00000007aab00000, 0x00000007ad480000, 0x00000007c0000000)
  eden space 13824K, 0% used [0x00000007aab00000,0x00000007aab00000,0x00000007ab880000)
  from space 8192K, 99% used [0x00000007ab880000,0x00000007ac07d668,0x00000007ac080000)
  to   space 14336K, 0% used [0x00000007ac680000,0x00000007ac680000,0x00000007ad480000)
 ParOldGen       total 44032K, used 25010K [0x0000000780000000, 0x0000000782b00000, 0x00000007aab00000)
  object space 44032K, 56% used [0x0000000780000000,0x000000078186c8b8,0x0000000782b00000)
 Metaspace       used 17428K, capacity 17900K, committed 18048K, reserved 1064960K
  class space    used 2231K, capacity 2362K, committed 2432K, reserved 1048576K
}

Deoptimization events (10 events):
Event: 1034.902 Thread 0x00007fb6ef434000 Uncommon trap: reason=unstable_if action=reinterpret pc=0x0000000109c2387c method=java.awt.Container.findComponentAtImpl(IIZ)Ljava/awt/Component; @ 24
Event: 1042.424 Thread 0x00007fb6ef434000 Uncommon trap: reason=unstable_if action=reinterpret pc=0x000000010a0bea78 method=java.awt.EventQueue.coalesceMouseEvent(Ljava/awt/event/MouseEvent;)Z @ 30
Event: 1042.518 Thread 0x00007fb6ef434000 Uncommon trap: reason=null_check action=make_not_entrant pc=0x000000010a0bd954 method=sun.awt.im.InputContext.dispatchEvent(Ljava/awt/AWTEvent;)V @ 31
Event: 3654.704 Thread 0x00007fb6ef8a5000 Uncommon trap: reason=null_check action=make_not_entrant pc=0x0000000109bbd5ec method=java.awt.geom.AffineTransform.equals(Ljava/lang/Object;)Z @ 1
Event: 3654.762 Thread 0x00007fb6ef434000 Uncommon trap: reason=unstable_if action=reinterpret pc=0x0000000109d14df0 method=javax.swing.RepaintManager.addDirtyRegion0(Ljava/awt/Container;IIII)V @ 108
Event: 16859.342 Thread 0x00007fb6ef8c4800 Uncommon trap: reason=unstable_if action=reinterpret pc=0x000000010a1030d4 method=sun.java2d.opengl.OGLRenderQueue$QueueFlusher.run()V @ 22
Event: 16864.862 Thread 0x00007fb6ef434000 Uncommon trap: reason=unstable_if action=reinterpret pc=0x0000000109cc19cc method=java.awt.LightweightDispatcher.retargetMouseEvent(Ljava/awt/Component;ILjava/awt/event/MouseEvent;)V @ 364
Event: 16872.824 Thread 0x00007fb6ef8a5000 Uncommon trap: reason=unstable_if action=reinterpret pc=0x0000000109caf624 method=sun.lwawt.macosx.NSEvent.isPopupTrigger(I)Z @ 33
Event: 16872.831 Thread 0x00007fb6ef8a5000 Uncommon trap: reason=unstable_if action=reinterpret pc=0x0000000109e0ced0 method=sun.lwawt.macosx.NSEvent.isPopupTrigger(I)Z @ 33
Event: 16904.424 Thread 0x00007fb6ef434000 Uncommon trap: reason=unstable_if action=reinterpret pc=0x0000000109e72f6c method=java.awt.EventQueue.coalesceMouseEvent(Ljava/awt/event/MouseEvent;)Z @ 30

Classes redefined (0 events):
No events

Internal exceptions (10 events):
Event: 0.532 Thread 0x00007fb6ef00d000 Exception <a 'java/lang/NoSuchFieldError': method resolution failed> (0x00000007aad019a0) thrown at [/Users/java_re/workspace/8-2-build-macosx-x86_64/jdk8u191/11896/hotspot/src/share/vm/prims/methodHandles.cpp, line 1167]
Event: 0.852 Thread 0x00007fb6ef00d000 Exception <a 'java/io/FileNotFoundException'> (0x00000007aad7c260) thrown at [/Users/java_re/workspace/8-2-build-macosx-x86_64/jdk8u191/11896/hotspot/src/share/vm/prims/jni.cpp, line 709]
Event: 0.852 Thread 0x00007fb6ef00d000 Exception <a 'java/io/FileNotFoundException'> (0x00000007aad7cdd8) thrown at [/Users/java_re/workspace/8-2-build-macosx-x86_64/jdk8u191/11896/hotspot/src/share/vm/prims/jni.cpp, line 709]
Event: 5.712 Thread 0x00007fb6ef00d000 Exception <a 'java/lang/NullPointerException'> (0x00000007ab24bea8) thrown at [/Users/java_re/workspace/8-2-build-macosx-x86_64/jdk8u191/11896/hotspot/src/share/vm/prims/jni.cpp, line 735]
Event: 6.018 Thread 0x00007fb6ef00d000 Implicit null exception at 0x0000000109a80bf5 to 0x0000000109a80fad
Event: 6.020 Thread 0x00007fb6ef00d000 Implicit null exception at 0x0000000109a740b6 to 0x0000000109a74471
Event: 742.151 Thread 0x00007fb6ef434000 Implicit null exception at 0x0000000109c9aeb9 to 0x0000000109c9be51
Event: 803.036 Thread 0x00007fb6ef434000 Implicit null exception at 0x0000000109953894 to 0x00000001099538de
Event: 1042.517 Thread 0x00007fb6ef434000 Implicit null exception at 0x000000010a0bd29c to 0x000000010a0bd949
Event: 3654.704 Thread 0x00007fb6ef8a5000 Implicit null exception at 0x0000000109bbd48c to 0x0000000109bbd5dd

Events (10 events):
Event: 16900.012 Thread 0x00007fb6f0994800 Thread exited: 0x00007fb6f0994800
Event: 16900.836 Thread 0x00007fb6f3d08800 Thread added: 0x00007fb6f3d08800
Event: 16900.836 Thread 0x00007fb6f3c97000 Thread added: 0x00007fb6f3c97000
Event: 16900.836 Thread 0x00007fb6f3d08800 Thread exited: 0x00007fb6f3d08800
Event: 16900.837 Thread 0x00007fb6f3c97000 Thread exited: 0x00007fb6f3c97000
Event: 16904.352 Executing VM operation: ParallelGCFailedAllocation
Event: 16904.410 Executing VM operation: ParallelGCFailedAllocation done
Event: 16904.424 Thread 0x00007fb6ef434000 Uncommon trap: trap_request=0xffffff65 fr.pc=0x0000000109e72f6c
Event: 16904.424 Thread 0x00007fb6ef434000 DEOPT PACKING pc=0x0000000109e72f6c sp=0x000070000ffa78c0
Event: 16904.424 Thread 0x00007fb6ef434000 DEOPT UNPACKING pc=0x000000010986b73a sp=0x000070000ffa7670 mode 2


Dynamic libraries:
0x00007fff463d6000 	/System/Library/Frameworks/Cocoa.framework/Versions/A/Cocoa
0x00007fff52a1a000 	/System/Library/Frameworks/Security.framework/Versions/A/Security
0x00007fff45017000 	/System/Library/Frameworks/ApplicationServices.framework/Versions/A/ApplicationServices
0x00007fff6e9c9000 	/usr/lib/libz.1.dylib
0x00007fff6c87b000 	/usr/lib/libSystem.B.dylib
0x00007fff6dfb6000 	/usr/lib/libobjc.A.dylib
0x00007fff46b97000 	/System/Library/Frameworks/CoreFoundation.framework/Versions/A/CoreFoundation
0x00007fff48d10000 	/System/Library/Frameworks/Foundation.framework/Versions/C/Foundation
0x00007fff44167000 	/System/Library/Frameworks/AppKit.framework/Versions/C/AppKit
0x00007fff4674e000 	/System/Library/Frameworks/CoreData.framework/Versions/A/CoreData
0x00007fff66134000 	/System/Library/PrivateFrameworks/RemoteViewServices.framework/Versions/A/RemoteViewServices
0x00007fff6a8ad000 	/System/Library/PrivateFrameworks/UIFoundation.framework/Versions/A/UIFoundation
0x00007fff5af30000 	/System/Library/PrivateFrameworks/DFRFoundation.framework/Versions/A/DFRFoundation
0x00007fff4b37f000 	/System/Library/Frameworks/Metal.framework/Versions/A/Metal
0x00007fff5b0cd000 	/System/Library/PrivateFrameworks/DesktopServicesPriv.framework/Versions/A/DesktopServicesPriv
0x00007fff6d503000 	/usr/lib/libenergytrace.dylib
0x00007fff68919000 	/System/Library/PrivateFrameworks/SkyLight.framework/Versions/A/SkyLight
0x00007fff47033000 	/System/Library/Frameworks/CoreGraphics.framework/Versions/A/CoreGraphics
0x00007fff6c876000 	/usr/lib/libScreenReader.dylib
0x00007fff42e79000 	/System/Library/Frameworks/Accelerate.framework/Versions/A/Accelerate
0x00007fff4948a000 	/System/Library/Frameworks/IOSurface.framework/Versions/A/IOSurface
0x00007fff45561000 	/System/Library/Frameworks/AudioToolbox.framework/Versions/A/AudioToolbox
0x00007fff457f1000 	/System/Library/Frameworks/AudioUnit.framework/Versions/A/AudioUnit
0x00007fff5afc8000 	/System/Library/PrivateFrameworks/DataDetectorsCore.framework/Versions/A/DataDetectorsCore
0x00007fff45ec9000 	/System/Library/Frameworks/Carbon.framework/Versions/A/Frameworks/HIToolbox.framework/Versions/A/HIToolbox
0x00007fff6d65d000 	/usr/lib/libicucore.A.dylib
0x00007fff51f97000 	/System/Library/Frameworks/QuartzCore.framework/Versions/A/QuartzCore
0x00007fff67bbb000 	/System/Library/PrivateFrameworks/SignpostNotification.framework/Versions/A/SignpostNotification
0x00007fff462af000 	/System/Library/Frameworks/Carbon.framework/Versions/A/Frameworks/SpeechRecognition.framework/Versions/A/SpeechRecognition
0x00007fff6ca59000 	/usr/lib/libauto.dylib
0x00007fff6e8b8000 	/usr/lib/libxml2.2.dylib
0x00007fff5ab80000 	/System/Library/PrivateFrameworks/CoreUI.framework/Versions/A/CoreUI
0x00007fff4662a000 	/System/Library/Frameworks/CoreAudio.framework/Versions/A/CoreAudio
0x00007fff48b4a000 	/System/Library/Frameworks/DiskArbitration.framework/Versions/A/DiskArbitration
0x00007fff6d8d1000 	/usr/lib/liblangid.dylib
0x00007fff62637000 	/System/Library/PrivateFrameworks/MultitouchSupport.framework/Versions/A/MultitouchSupport
0x00007fff493ed000 	/System/Library/Frameworks/IOKit.framework/Versions/A/IOKit
0x00007fff6c505000 	/usr/lib/libDiagnosticMessagesClient.dylib
0x00007fff47d27000 	/System/Library/Frameworks/CoreServices.framework/Versions/A/CoreServices
0x00007fff6416c000 	/System/Library/PrivateFrameworks/PerformanceAnalysis.framework/Versions/A/PerformanceAnalysis
0x00007fff51139000 	/System/Library/Frameworks/OpenGL.framework/Versions/A/OpenGL
0x00007fff463e4000 	/System/Library/Frameworks/ColorSync.framework/Versions/A/ColorSync
0x00007fff47663000 	/System/Library/Frameworks/CoreImage.framework/Versions/A/CoreImage
0x00007fff486b8000 	/System/Library/Frameworks/CoreText.framework/Versions/A/CoreText
0x00007fff494e8000 	/System/Library/Frameworks/ImageIO.framework/Versions/A/ImageIO
0x00007fff5782c000 	/System/Library/PrivateFrameworks/Backup.framework/Versions/A/Backup
0x00007fff6c927000 	/usr/lib/libarchive.2.dylib
0x00007fff45b14000 	/System/Library/Frameworks/CFNetwork.framework/Versions/A/CFNetwork
0x00007fff531ad000 	/System/Library/Frameworks/SystemConfiguration.framework/Versions/A/SystemConfiguration
0x00007fff6c42e000 	/usr/lib/libCRFSuite.dylib
0x00007fff6cb32000 	/usr/lib/libc++.1.dylib
0x00007fff6cb89000 	/usr/lib/libc++abi.dylib
0x00007fff6ea77000 	/usr/lib/system/libcache.dylib
0x00007fff6ea7c000 	/usr/lib/system/libcommonCrypto.dylib
0x00007fff6ea87000 	/usr/lib/system/libcompiler_rt.dylib
0x00007fff6ea8f000 	/usr/lib/system/libcopyfile.dylib
0x00007fff6ea99000 	/usr/lib/system/libcorecrypto.dylib
0x00007fff6eba6000 	/usr/lib/system/libdispatch.dylib
0x00007fff6ebe0000 	/usr/lib/system/libdyld.dylib
0x00007fff6ebfe000 	/usr/lib/system/libkeymgr.dylib
0x00007fff6ec0c000 	/usr/lib/system/liblaunch.dylib
0x00007fff6ec0d000 	/usr/lib/system/libmacho.dylib
0x00007fff6ec12000 	/usr/lib/system/libquarantine.dylib
0x00007fff6ec15000 	/usr/lib/system/libremovefile.dylib
0x00007fff6ec17000 	/usr/lib/system/libsystem_asl.dylib
0x00007fff6ec2f000 	/usr/lib/system/libsystem_blocks.dylib
0x00007fff6ec30000 	/usr/lib/system/libsystem_c.dylib
0x00007fff6ecba000 	/usr/lib/system/libsystem_configuration.dylib
0x00007fff6ecbe000 	/usr/lib/system/libsystem_coreservices.dylib
0x00007fff6ecc2000 	/usr/lib/system/libsystem_darwin.dylib
0x00007fff6ecc4000 	/usr/lib/system/libsystem_dnssd.dylib
0x00007fff6eccb000 	/usr/lib/system/libsystem_info.dylib
0x00007fff6ed3c000 	/usr/lib/system/libsystem_m.dylib
0x00007fff6ed88000 	/usr/lib/system/libsystem_malloc.dylib
0x00007fff6eda8000 	/usr/lib/system/libsystem_network.dylib
0x00007fff6eed9000 	/usr/lib/system/libsystem_networkextension.dylib
0x00007fff6eee4000 	/usr/lib/system/libsystem_notify.dylib
0x00007fff6ef02000 	/usr/lib/system/libsystem_sandbox.dylib
0x00007fff6ef06000 	/usr/lib/system/libsystem_secinit.dylib
0x00007fff6ed15000 	/usr/lib/system/libsystem_kernel.dylib
0x00007fff6eeee000 	/usr/lib/system/libsystem_platform.dylib
0x00007fff6eef6000 	/usr/lib/system/libsystem_pthread.dylib
0x00007fff6ef08000 	/usr/lib/system/libsystem_symptoms.dylib
0x00007fff6ef10000 	/usr/lib/system/libsystem_trace.dylib
0x00007fff6ef25000 	/usr/lib/system/libunwind.dylib
0x00007fff6ef2b000 	/usr/lib/system/libxpc.dylib
0x00007fff6c341000 	/usr/lib/closure/libclosured.dylib
0x00007fff6cb13000 	/usr/lib/libbsm.0.dylib
0x00007fff6ebff000 	/usr/lib/system/libkxld.dylib
0x00007fff6c73f000 	/usr/lib/libOpenScriptingUtil.dylib
0x00007fff6ce82000 	/usr/lib/libcoretls.dylib
0x00007fff6ce9b000 	/usr/lib/libcoretls_cfhelpers.dylib
0x00007fff6e3ba000 	/usr/lib/libpam.2.dylib
0x00007fff6e4e1000 	/usr/lib/libsqlite3.dylib
0x00007fff6e8a7000 	/usr/lib/libxar.1.dylib
0x00007fff6cb24000 	/usr/lib/libbz2.1.0.dylib
0x00007fff6d8d3000 	/usr/lib/liblzma.5.dylib
0x00007fff6ddb4000 	/usr/lib/libnetwork.dylib
0x00007fff6c910000 	/usr/lib/libapple_nghttp2.dylib
0x00007fff6e3c1000 	/usr/lib/libpcap.A.dylib
0x00007fff6ca5a000 	/usr/lib/libboringssl.dylib
0x00007fff6e842000 	/usr/lib/libusrtcp.dylib
0x00007fff6c90f000 	/usr/lib/libapple_crypto.dylib
0x00007fff480aa000 	/System/Library/Frameworks/CoreServices.framework/Versions/A/Frameworks/FSEvents.framework/Versions/A/FSEvents
0x00007fff47d9d000 	/System/Library/Frameworks/CoreServices.framework/Versions/A/Frameworks/CarbonCore.framework/Versions/A/CarbonCore
0x00007fff48272000 	/System/Library/Frameworks/CoreServices.framework/Versions/A/Frameworks/Metadata.framework/Versions/A/Metadata
0x00007fff48323000 	/System/Library/Frameworks/CoreServices.framework/Versions/A/Frameworks/OSServices.framework/Versions/A/OSServices
0x00007fff48384000 	/System/Library/Frameworks/CoreServices.framework/Versions/A/Frameworks/SearchKit.framework/Versions/A/SearchKit
0x00007fff47d28000 	/System/Library/Frameworks/CoreServices.framework/Versions/A/Frameworks/AE.framework/Versions/A/AE
0x00007fff480b3000 	/System/Library/Frameworks/CoreServices.framework/Versions/A/Frameworks/LaunchServices.framework/Versions/A/LaunchServices
0x00007fff48075000 	/System/Library/Frameworks/CoreServices.framework/Versions/A/Frameworks/DictionaryServices.framework/Versions/A/DictionaryServices
0x00007fff483f3000 	/System/Library/Frameworks/CoreServices.framework/Versions/A/Frameworks/SharedFileList.framework/Versions/A/SharedFileList
0x00007fff4c5b5000 	/System/Library/Frameworks/NetFS.framework/Versions/A/NetFS
0x00007fff628c8000 	/System/Library/PrivateFrameworks/NetAuth.framework/Versions/A/NetAuth
0x00007fff6c1d8000 	/System/Library/PrivateFrameworks/login.framework/Versions/A/Frameworks/loginsupport.framework/Versions/A/loginsupport
0x00007fff6a52a000 	/System/Library/PrivateFrameworks/TCC.framework/Versions/A/TCC
0x00007fff6d9b4000 	/usr/lib/libmecabra.dylib
0x00007fff45018000 	/System/Library/Frameworks/ApplicationServices.framework/Versions/A/Frameworks/ATS.framework/Versions/A/ATS
0x00007fff453c6000 	/System/Library/Frameworks/ApplicationServices.framework/Versions/A/Frameworks/ColorSyncLegacy.framework/Versions/A/ColorSyncLegacy
0x00007fff4546a000 	/System/Library/Frameworks/ApplicationServices.framework/Versions/A/Frameworks/HIServices.framework/Versions/A/HIServices
0x00007fff454bd000 	/System/Library/Frameworks/ApplicationServices.framework/Versions/A/Frameworks/LangAnalysis.framework/Versions/A/LangAnalysis
0x00007fff454cc000 	/System/Library/Frameworks/ApplicationServices.framework/Versions/A/Frameworks/PrintCore.framework/Versions/A/PrintCore
0x00007fff45519000 	/System/Library/Frameworks/ApplicationServices.framework/Versions/A/Frameworks/QD.framework/Versions/A/QD
0x00007fff45554000 	/System/Library/Frameworks/ApplicationServices.framework/Versions/A/Frameworks/SpeechSynthesis.framework/Versions/A/SpeechSynthesis
0x00007fff46ab3000 	/System/Library/Frameworks/CoreDisplay.framework/Versions/A/CoreDisplay
0x00007fff42e92000 	/System/Library/Frameworks/Accelerate.framework/Versions/A/Frameworks/vImage.framework/Versions/A/vImage
0x00007fff43e73000 	/System/Library/Frameworks/Accelerate.framework/Versions/A/Frameworks/vecLib.framework/Versions/A/vecLib
0x00007fff43c48000 	/System/Library/Frameworks/Accelerate.framework/Versions/A/Frameworks/vecLib.framework/Versions/A/libvDSP.dylib
0x00007fff43782000 	/System/Library/Frameworks/Accelerate.framework/Versions/A/Frameworks/vecLib.framework/Versions/A/libBNNS.dylib
0x00007fff43bae000 	/System/Library/Frameworks/Accelerate.framework/Versions/A/Frameworks/vecLib.framework/Versions/A/libQuadrature.dylib
0x00007fff43dbc000 	/System/Library/Frameworks/Accelerate.framework/Versions/A/Frameworks/vecLib.framework/Versions/A/libvMisc.dylib
0x00007fff437bd000 	/System/Library/Frameworks/Accelerate.framework/Versions/A/Frameworks/vecLib.framework/Versions/A/libLAPACK.dylib
0x00007fff435e1000 	/System/Library/Frameworks/Accelerate.framework/Versions/A/Frameworks/vecLib.framework/Versions/A/libBLAS.dylib
0x00007fff43b97000 	/System/Library/Frameworks/Accelerate.framework/Versions/A/Frameworks/vecLib.framework/Versions/A/libLinearAlgebra.dylib
0x00007fff43bb4000 	/System/Library/Frameworks/Accelerate.framework/Versions/A/Frameworks/vecLib.framework/Versions/A/libSparse.dylib
0x00007fff43c35000 	/System/Library/Frameworks/Accelerate.framework/Versions/A/Frameworks/vecLib.framework/Versions/A/libSparseBLAS.dylib
0x00007fff5f707000 	/System/Library/PrivateFrameworks/GPUWrangler.framework/Versions/A/GPUWrangler
0x00007fff60e98000 	/System/Library/PrivateFrameworks/IOAccelerator.framework/Versions/A/IOAccelerator
0x00007fff60ea3000 	/System/Library/PrivateFrameworks/IOPresentment.framework/Versions/A/IOPresentment
0x00007fff5af42000 	/System/Library/PrivateFrameworks/DSExternalDisplay.framework/Versions/A/DSExternalDisplay
0x00007fff505b8000 	/System/Library/Frameworks/OpenGL.framework/Versions/A/Libraries/libCoreFSCache.dylib
0x00007fff48809000 	/System/Library/Frameworks/CoreVideo.framework/Versions/A/CoreVideo
0x00007fff60482000 	/System/Library/PrivateFrameworks/GraphVisualizer.framework/Versions/A/GraphVisualizer
0x00007fff4b5b6000 	/System/Library/Frameworks/MetalPerformanceShaders.framework/Versions/A/MetalPerformanceShaders
0x00007fff6c53d000 	/usr/lib/libFosl_dynamic.dylib
0x00007fff5c011000 	/System/Library/PrivateFrameworks/FaceCore.framework/Versions/A/FaceCore
0x00007fff4f3b3000 	/System/Library/Frameworks/OpenCL.framework/Versions/A/OpenCL
0x00007fff6cbc0000 	/usr/lib/libcompression.dylib
0x00007fff45117000 	/System/Library/Frameworks/ApplicationServices.framework/Versions/A/Frameworks/ATS.framework/Versions/A/Resources/libFontParser.dylib
0x00007fff4523a000 	/System/Library/Frameworks/ApplicationServices.framework/Versions/A/Frameworks/ATS.framework/Versions/A/Resources/libFontRegistry.dylib
0x00007fff49753000 	/System/Library/Frameworks/ImageIO.framework/Versions/A/Resources/libJPEG.dylib
0x00007fff49a7d000 	/System/Library/Frameworks/ImageIO.framework/Versions/A/Resources/libTIFF.dylib
0x00007fff49a53000 	/System/Library/Frameworks/ImageIO.framework/Versions/A/Resources/libPng.dylib
0x00007fff49666000 	/System/Library/Frameworks/ImageIO.framework/Versions/A/Resources/libGIF.dylib
0x00007fff4966b000 	/System/Library/Frameworks/ImageIO.framework/Versions/A/Resources/libJP2.dylib
0x00007fff49a7a000 	/System/Library/Frameworks/ImageIO.framework/Versions/A/Resources/libRadiance.dylib
0x00007fff56f56000 	/System/Library/PrivateFrameworks/AppleJPEG.framework/Versions/A/AppleJPEG
0x00007fff4b41d000 	/System/Library/Frameworks/MetalPerformanceShaders.framework/Frameworks/MPSCore.framework/Versions/A/MPSCore
0x00007fff4b439000 	/System/Library/Frameworks/MetalPerformanceShaders.framework/Frameworks/MPSImage.framework/Versions/A/MPSImage
0x00007fff4b4ce000 	/System/Library/Frameworks/MetalPerformanceShaders.framework/Frameworks/MPSNeuralNetwork.framework/Versions/A/MPSNeuralNetwork
0x00007fff4b4a9000 	/System/Library/Frameworks/MetalPerformanceShaders.framework/Frameworks/MPSMatrix.framework/Versions/A/MPSMatrix
0x00007fff62399000 	/System/Library/PrivateFrameworks/MetalTools.framework/Versions/A/MetalTools
0x00007fff50783000 	/System/Library/Frameworks/OpenGL.framework/Versions/A/Libraries/libGLU.dylib
0x00007fff505c3000 	/System/Library/Frameworks/OpenGL.framework/Versions/A/Libraries/libGFXShared.dylib
0x00007fff505cd000 	/System/Library/Frameworks/OpenGL.framework/Versions/A/Libraries/libGL.dylib
0x00007fff505d9000 	/System/Library/Frameworks/OpenGL.framework/Versions/A/Libraries/libGLImage.dylib
0x00007fff505b5000 	/System/Library/Frameworks/OpenGL.framework/Versions/A/Libraries/libCVMSPluginSupport.dylib
0x00007fff505be000 	/System/Library/Frameworks/OpenGL.framework/Versions/A/Libraries/libCoreVMClient.dylib
0x00007fff6d36d000 	/usr/lib/libcups.2.dylib
0x00007fff4a984000 	/System/Library/Frameworks/Kerberos.framework/Versions/A/Kerberos
0x00007fff49147000 	/System/Library/Frameworks/GSS.framework/Versions/A/GSS
0x00007fff6e474000 	/usr/lib/libresolv.9.dylib
0x00007fff6d56b000 	/usr/lib/libiconv.2.dylib
0x00007fff60514000 	/System/Library/PrivateFrameworks/Heimdal.framework/Versions/A/Heimdal
0x00007fff6d53a000 	/usr/lib/libheimdal-asn1.dylib
0x00007fff4f42b000 	/System/Library/Frameworks/OpenDirectory.framework/Versions/A/OpenDirectory
0x00007fff5926d000 	/System/Library/PrivateFrameworks/CommonAuth.framework/Versions/A/CommonAuth
0x00007fff4f40e000 	/System/Library/Frameworks/OpenDirectory.framework/Versions/A/Frameworks/CFOpenDirectory.framework/Versions/A/CFOpenDirectory
0x00007fff52d46000 	/System/Library/Frameworks/SecurityFoundation.framework/Versions/A/SecurityFoundation
0x00007fff5611a000 	/System/Library/PrivateFrameworks/APFS.framework/Versions/A/APFS
0x00007fff6e8a3000 	/usr/lib/libutil.dylib
0x00007fff56fd9000 	/System/Library/PrivateFrameworks/AppleSauce.framework/Versions/A/AppleSauce
0x00007fff61680000 	/System/Library/PrivateFrameworks/LinguisticData.framework/Versions/A/LinguisticData
0x00007fff6d8ed000 	/usr/lib/libmarisa.dylib
0x00007fff6163a000 	/System/Library/PrivateFrameworks/Lexicon.framework/Versions/A/Lexicon
0x00007fff6c468000 	/usr/lib/libChineseTokenizer.dylib
0x00007fff6cbaf000 	/usr/lib/libcmph.dylib
0x00007fff61544000 	/System/Library/PrivateFrameworks/LanguageModeling.framework/Versions/A/LanguageModeling
0x00007fff59d8a000 	/System/Library/PrivateFrameworks/CoreEmoji.framework/Versions/A/CoreEmoji
0x00007fff52e04000 	/System/Library/Frameworks/ServiceManagement.framework/Versions/A/ServiceManagement
0x00007fff57824000 	/System/Library/PrivateFrameworks/BackgroundTaskManagement.framework/Versions/A/BackgroundTaskManagement
0x00007fff6e9a0000 	/usr/lib/libxslt.1.dylib
0x00007fff461d9000 	/System/Library/Frameworks/Carbon.framework/Versions/A/Frameworks/Ink.framework/Versions/A/Ink
0x00007fff6a73f000 	/System/Library/PrivateFrameworks/TextureIO.framework/Versions/A/TextureIO
0x00007fff6c952000 	/usr/lib/libate.dylib
0x00007fff5aea1000 	/System/Library/PrivateFrameworks/CrashReporterSupport.framework/Versions/A/CrashReporterSupport
0x00007fff67a7b000 	/System/Library/PrivateFrameworks/Sharing.framework/Versions/A/Sharing
0x00007fff61285000 	/System/Library/PrivateFrameworks/IconServices.framework/Versions/A/IconServices
0x00007fff57454000 	/System/Library/PrivateFrameworks/AuthKit.framework/Versions/A/AuthKit
0x00007fff56dd9000 	/System/Library/PrivateFrameworks/Apple80211.framework/Versions/A/Apple80211
0x00007fff5acb6000 	/System/Library/PrivateFrameworks/CoreUtils.framework/Versions/A/CoreUtils
0x00007fff48844000 	/System/Library/Frameworks/CoreWLAN.framework/Versions/A/CoreWLAN
0x00007fff49289000 	/System/Library/Frameworks/IOBluetooth.framework/Versions/A/IOBluetooth
0x00007fff65f3b000 	/System/Library/PrivateFrameworks/ProtocolBuffer.framework/Versions/A/ProtocolBuffer
0x00007fff62592000 	/System/Library/PrivateFrameworks/MobileKeyBag.framework/Versions/A/MobileKeyBag
0x00007fff5a52e000 	/System/Library/PrivateFrameworks/CorePhoneNumbers.framework/Versions/A/CorePhoneNumbers
0x00007fff56f11000 	/System/Library/PrivateFrameworks/AppleIDAuthSupport.framework/Versions/A/AppleIDAuthSupport
0x00007fff61530000 	/System/Library/PrivateFrameworks/KeychainCircle.framework/Versions/A/KeychainCircle
0x00007fff5ae3c000 	/System/Library/PrivateFrameworks/CoreWiFi.framework/Versions/A/CoreWiFi
0x00007fff46724000 	/System/Library/Frameworks/CoreBluetooth.framework/Versions/A/CoreBluetooth
0x00007fff5b08c000 	/System/Library/PrivateFrameworks/DebugSymbols.framework/Versions/A/DebugSymbols
0x00007fff5aa6c000 	/System/Library/PrivateFrameworks/CoreSymbolication.framework/Versions/A/CoreSymbolication
0x00007fff69f31000 	/System/Library/PrivateFrameworks/Symbolication.framework/Versions/A/Symbolication
0x00007fff56e03000 	/System/Library/PrivateFrameworks/AppleFSCompression.framework/Versions/A/AppleFSCompression
0x00007fff6937e000 	/System/Library/PrivateFrameworks/SpeechRecognitionCore.framework/Versions/A/SpeechRecognitionCore
0x0000000101800000 	/Library/Internet Plug-Ins/JavaAppletPlugin.plugin/Contents/Home/lib/server/libjvm.dylib
0x00007fff6e770000 	/usr/lib/libstdc++.6.0.9.dylib
0x0000000100e75000 	/Library/Internet Plug-Ins/JavaAppletPlugin.plugin/Contents/Home/lib/libverify.dylib
0x0000000100e83000 	/Library/Internet Plug-Ins/JavaAppletPlugin.plugin/Contents/Home/lib/libjava.dylib
0x0000000100f03000 	/Library/Internet Plug-Ins/JavaAppletPlugin.plugin/Contents/Home/lib/libzip.dylib
0x0000000108465000 	/Library/Internet Plug-Ins/JavaAppletPlugin.plugin/Contents/Home/lib/libawt.dylib
0x000000010850f000 	/Library/Internet Plug-Ins/JavaAppletPlugin.plugin/Contents/Home/lib/./libmlib_image.dylib
0x00007fff4a96d000 	/System/Library/Frameworks/JavaVM.framework/Versions/A/Frameworks/JavaNativeFoundation.framework/Versions/A/JavaNativeFoundation
0x00007fff4a976000 	/System/Library/Frameworks/JavaVM.framework/Versions/A/Frameworks/JavaRuntimeSupport.framework/Versions/A/JavaRuntimeSupport
0x00007fff4a97f000 	/System/Library/Frameworks/JavaVM.framework/Versions/A/JavaVM
0x00007fff61446000 	/System/Library/PrivateFrameworks/JavaLaunching.framework/Versions/A/JavaLaunching
0x00007fff45ec4000 	/System/Library/Frameworks/Carbon.framework/Versions/A/Carbon
0x00007fff45ec5000 	/System/Library/Frameworks/Carbon.framework/Versions/A/Frameworks/CommonPanels.framework/Versions/A/CommonPanels
0x00007fff461cf000 	/System/Library/Frameworks/Carbon.framework/Versions/A/Frameworks/Help.framework/Versions/A/Help
0x00007fff461d3000 	/System/Library/Frameworks/Carbon.framework/Versions/A/Frameworks/ImageCapture.framework/Versions/A/ImageCapture
0x00007fff4626f000 	/System/Library/Frameworks/Carbon.framework/Versions/A/Frameworks/OpenScripting.framework/Versions/A/OpenScripting
0x00007fff462aa000 	/System/Library/Frameworks/Carbon.framework/Versions/A/Frameworks/Print.framework/Versions/A/Print
0x00007fff462ac000 	/System/Library/Frameworks/Carbon.framework/Versions/A/Frameworks/SecurityHI.framework/Versions/A/SecurityHI
0x00000001085db000 	/Library/Internet Plug-Ins/JavaAppletPlugin.plugin/Contents/Home/lib/libawt_lwawt.dylib
0x0000000108695000 	/Library/Internet Plug-Ins/JavaAppletPlugin.plugin/Contents/Home/lib/./libosxapp.dylib
0x00007fff48ce9000 	/System/Library/Frameworks/ExceptionHandling.framework/Versions/A/ExceptionHandling
0x00007fff5a6c1000 	/System/Library/PrivateFrameworks/CoreServicesInternal.framework/Versions/A/CoreServicesInternal
0x00007fff3eeb4000 	/System/Library/CoreServices/RawCamera.bundle/Contents/MacOS/RawCamera
0x00007fff6240b000 	/System/Library/PrivateFrameworks/MobileAsset.framework/Versions/A/MobileAsset
0x00007fff69838000 	/System/Library/PrivateFrameworks/StreamingZip.framework/Versions/A/StreamingZip
0x00007fff4ad13000 	/System/Library/Frameworks/MediaToolbox.framework/Versions/A/MediaToolbox
0x00007fff599bb000 	/System/Library/PrivateFrameworks/CoreAVCHD.framework/Versions/A/CoreAVCHD
0x00007fff4ac5c000 	/System/Library/Frameworks/MediaAccessibility.framework/Versions/A/MediaAccessibility
0x00007fff61e86000 	/System/Library/PrivateFrameworks/Mangrove.framework/Versions/A/Mangrove
0x00007fff47be1000 	/System/Library/Frameworks/CoreMedia.framework/Versions/A/CoreMedia
0x00007fff533d2000 	/System/Library/Frameworks/VideoToolbox.framework/Versions/A/VideoToolbox
0x00007fff595b2000 	/System/Library/PrivateFrameworks/CoreAUC.framework/Versions/A/CoreAUC
0x00007fff6e4df000 	/usr/lib/libspindump.dylib
0x00007fff570ce000 	/System/Library/PrivateFrameworks/AppleVA.framework/Versions/A/AppleVA
0x00007fff42e7a000 	/System/Library/Frameworks/Accelerate.framework/Versions/A/Frameworks/vImage.framework/Versions/A/Libraries/libCGInterfaces.dylib
0x00007fff45329000 	/System/Library/Frameworks/ApplicationServices.framework/Versions/A/Frameworks/ATS.framework/Versions/A/Resources/libTrueTypeScaler.dylib
0x00007fff51149000 	/System/Library/Frameworks/OpenGL.framework/Versions/A/Resources/GLEngine.bundle/GLEngine
0x00007fff50615000 	/System/Library/Frameworks/OpenGL.framework/Versions/A/Libraries/libGLProgrammability.dylib
0x0000000119747000 	/System/Library/Extensions/AppleIntelHD3000GraphicsGLDriver.bundle/Contents/MacOS/AppleIntelHD3000GraphicsGLDriver
0x00007fff5f6ef000 	/System/Library/PrivateFrameworks/GPUSupport.framework/Versions/A/Libraries/libGPUSupport.dylib
0x00007fff512e1000 	/System/Library/Frameworks/OpenGL.framework/Versions/A/Resources/GLRendererFloat.bundle/GLRendererFloat
0x00007fff4f3aa000 	/System/Library/Frameworks/OpenCL.framework/Versions/A/Libraries/libcldcpuengine.dylib
0x00007fff6d035000 	/usr/lib/libcrypto.35.dylib
0x00007fff6a8a6000 	/System/Library/PrivateFrameworks/TrustEvaluationAgent.framework/Versions/A/TrustEvaluationAgent
0x00007fff5c449000 	/System/Library/PrivateFrameworks/FamilyControls.framework/Versions/A/FamilyControls
0x00007fff59260000 	/System/Library/PrivateFrameworks/CommerceKit.framework/Versions/A/Frameworks/CommerceCore.framework/Versions/A/CommerceCore
0x00007fff6a280000 	/System/Library/PrivateFrameworks/SystemAdministration.framework/Versions/A/SystemAdministration
0x00007fff56d8c000 	/System/Library/PrivateFrameworks/AppContainer.framework/Versions/A/AppContainer
0x00007fff67933000 	/System/Library/PrivateFrameworks/SecCodeWrapper.framework/Versions/A/SecCodeWrapper
0x00007fff5b3db000 	/System/Library/PrivateFrameworks/DiskManagement.framework/Versions/A/DiskManagement
0x00007fff48a5d000 	/System/Library/Frameworks/DirectoryService.framework/Versions/A/DirectoryService
0x00007fff5b308000 	/System/Library/PrivateFrameworks/DiskImages.framework/Versions/A/DiskImages
0x00007fff61777000 	/System/Library/PrivateFrameworks/LoginUIKit.framework/Versions/A/Frameworks/LoginUICore.framework/Versions/A/LoginUICore
0x00007fff6c474000 	/usr/lib/libCoreStorage.dylib
0x00007fff6d361000 	/usr/lib/libcsfde.dylib
0x00007fff6e3a8000 	/usr/lib/libodfde.dylib
0x00007fff61fa5000 	/System/Library/PrivateFrameworks/MediaKit.framework/Versions/A/MediaKit
0x00007fff48a69000 	/System/Library/Frameworks/DiscRecording.framework/Versions/A/DiscRecording
0x00007fff5b557000 	/System/Library/PrivateFrameworks/EFILogin.framework/Versions/A/EFILogin
0x00007fff65ee3000 	/System/Library/PrivateFrameworks/ProtectedCloudStorage.framework/Versions/A/ProtectedCloudStorage
0x00007fff6d3ee000 	/usr/lib/libcurl.4.dylib
0x00007fff6e6ca000 	/usr/lib/libssl.35.dylib
0x00007fff4a99e000 	/System/Library/Frameworks/LDAP.framework/Versions/A/LDAP
0x00007fff6e4cc000 	/usr/lib/libsasl2.2.dylib
0x00007fff59c13000 	/System/Library/PrivateFrameworks/CoreDaemon.framework/Versions/B/CoreDaemon
0x00007fff56fd0000 	/System/Library/PrivateFrameworks/AppleSRP.framework/Versions/A/AppleSRP
0x000000011a331000 	/Library/Internet Plug-Ins/JavaAppletPlugin.plugin/Contents/Home/lib/libfontmanager.dylib
0x0000000109702000 	/Library/Internet Plug-Ins/JavaAppletPlugin.plugin/Contents/Home/lib/libosxui.dylib
0x00007fff6b731000 	/System/Library/PrivateFrameworks/ViewBridge.framework/Versions/A/ViewBridge
0x000000011b592000 	/Library/Internet Plug-Ins/JavaAppletPlugin.plugin/Contents/Home/lib/libnet.dylib
0x000000011b5f1000 	/Library/Internet Plug-Ins/JavaAppletPlugin.plugin/Contents/Home/lib/libnio.dylib
0x00007fff586eb000 	/System/Library/PrivateFrameworks/CloudDocs.framework/Versions/A/CloudDocs
0x00007fff5c472000 	/System/Library/PrivateFrameworks/FileProvider.framework/Versions/A/FileProvider
0x00007fff6943d000 	/System/Library/PrivateFrameworks/SpotlightIndex.framework/Versions/A/SpotlightIndex
0x00007fff69fcb000 	/System/Library/PrivateFrameworks/SymptomDiagnosticReporter.framework/Versions/A/SymptomDiagnosticReporter
0x00007fff5fac0000 	/System/Library/PrivateFrameworks/GenerationalStorage.framework/Versions/A/GenerationalStorage
0x00007fff58695000 	/System/Library/PrivateFrameworks/ChunkingLibrary.framework/Versions/A/ChunkingLibrary
0x00007fff5a1fd000 	/System/Library/PrivateFrameworks/CoreNLP.framework/Versions/A/CoreNLP
0x00007fff6d904000 	/usr/lib/libmecab.1.0.0.dylib
0x00007fff6d535000 	/usr/lib/libgermantok.dylib
0x00007fff6c8fb000 	/usr/lib/libThaiTokenizer.dylib
0x00007fff6c1db000 	/System/Library/PrivateFrameworks/login.framework/Versions/A/login
0x00000001195e5000 	/Library/Internet Plug-Ins/JavaAppletPlugin.plugin/Contents/Home/lib/libdcpr.dylib

VM Arguments:
java_command: /Users/micheletagliani/Developer/eclipse-workspace/pinkanel/jarsplice-0.40.jar
java_class_path (initial): /Users/micheletagliani/Developer/eclipse-workspace/pinkanel/jarsplice-0.40.jar
Launcher Type: SUN_STANDARD

Environment Variables:
PATH=/usr/bin:/bin:/usr/sbin:/sbin
SHELL=/bin/bash

Signal Handlers:
SIGSEGV: [libjvm.dylib+0x5b5de9], sa_mask[0]=11111111011111110111111111111111, sa_flags=SA_ONSTACK|SA_RESTART|SA_SIGINFO
SIGBUS: [libjvm.dylib+0x5b5de9], sa_mask[0]=11111111011111110111111111111111, sa_flags=SA_RESTART|SA_SIGINFO
SIGFPE: [libjvm.dylib+0x48b6b0], sa_mask[0]=11111111011111110111111111111111, sa_flags=SA_RESTART|SA_SIGINFO
SIGPIPE: [libjvm.dylib+0x48b6b0], sa_mask[0]=11111111011111110111111111111111, sa_flags=SA_RESTART|SA_SIGINFO
SIGXFSZ: [libjvm.dylib+0x48b6b0], sa_mask[0]=11111111011111110111111111111111, sa_flags=SA_RESTART|SA_SIGINFO
SIGILL: [libjvm.dylib+0x48b6b0], sa_mask[0]=11111111011111110111111111111111, sa_flags=SA_RESTART|SA_SIGINFO
SIGUSR1: SIG_DFL, sa_mask[0]=00000000000000000000000000000000, sa_flags=none
SIGUSR2: [libjvm.dylib+0x48b1ce], sa_mask[0]=00000000000000000000000000000000, sa_flags=SA_RESTART|SA_SIGINFO
SIGHUP: [libjvm.dylib+0x489759], sa_mask[0]=11111111011111110111111111111111, sa_flags=SA_RESTART|SA_SIGINFO
SIGINT: [libjvm.dylib+0x489759], sa_mask[0]=11111111011111110111111111111111, sa_flags=SA_RESTART|SA_SIGINFO
SIGTERM: [libjvm.dylib+0x489759], sa_mask[0]=11111111011111110111111111111111, sa_flags=SA_RESTART|SA_SIGINFO
SIGQUIT: [libjvm.dylib+0x489759], sa_mask[0]=11111111011111110111111111111111, sa_flags=SA_RESTART|SA_SIGINFO


---------------  S Y S T E M  ---------------

OS:Bsduname:Darwin 17.7.0 Darwin Kernel Version 17.7.0: Wed Apr 24 21:17:24 PDT 2019; root:xnu-4570.71.45~1/RELEASE_X86_64 x86_64
rlimit: STACK 8192k, CORE 0k, NPROC 709, NOFILE 10240, AS infinity
load average:2.41 2.18 2.00

CPU:total 4 (initial active 4) (2 cores per cpu, 2 threads per core) family 6 model 42 stepping 7, cmov, cx8, fxsr, mmx, sse, sse2, sse3, ssse3, sse4.1, sse4.2, popcnt, avx, aes, clmul, ht, tsc, tscinvbit

Memory: 4k page, physical 4194304k(15600k free)

/proc/meminfo:


vm_info: Java HotSpot(TM) 64-Bit Server VM (25.191-b12) for bsd-amd64 JRE (1.8.0_191-b12), built on Oct  6 2018 08:37:07 by "java_re" with gcc 4.2.1 (Based on Apple Inc. build 5658) (LLVM build 2336.11.00)

time: Fri Jun 21 15:50:29 2019
elapsed time: 16904 seconds (0d 4h 41m 44s)

