#
# A fatal error has been detected by the Java Runtime Environment:
#
#  SIGSEGV (0xb) at pc=0x00007fff77ed939d, pid=1901, tid=0x0000000000001703
#
# JRE version: Java(TM) SE Runtime Environment (8.0_202-b08) (build 1.8.0_202-b08)
# Java VM: Java HotSpot(TM) 64-Bit Server VM (25.202-b08 mixed mode bsd-amd64 compressed oops)
# Problematic frame:
# C  [libobjc.A.dylib+0x639d]  objc_msgSend+0x1d
#
# Failed to write core dump. Core dumps have been disabled. To enable core dumping, try "ulimit -c unlimited" before starting Java again
#
# If you would like to submit a bug report, please visit:
#   http://bugreport.java.com/bugreport/crash.jsp
# The crash happened outside the Java Virtual Machine in native code.
# See problematic frame for where to report the bug.
#

---------------  T H R E A D  ---------------

Current thread (0x00007fe4f9005000):  JavaThread "main" [_thread_in_native, id=5891, stack(0x000070000a514000,0x000070000a614000)]

siginfo: si_signo: 11 (SIGSEGV), si_code: 1 (SEGV_MAPERR), si_addr: 0x0000000000000018

Registers:
RAX=0x0000000000000000, RBX=0x00007fe4f75c5a60, RCX=0x0000000000000000, RDX=0x0000000000000000
RSP=0x000070000a6122e8, RBP=0x000070000a612310, RSI=0x00007fff4b8dfa8e, RDI=0x00007fe4f75bd840
R8 =0x0000000000000000, R9 =0x00007fe4f7425cd0, R10=0x0000000000000000, R11=0x00007fff4b8dfa8e
R12=0x00007fe4f75ce960, R13=0x0000000000000001, R14=0x00007fff4b8dfa8e, R15=0x00007fff77ed9380
RIP=0x00007fff77ed939d, EFLAGS=0x0000000000010246, ERR=0x0000000000000004
  TRAPNO=0x000000000000000e

Top of Stack: (sp=0x000070000a6122e8)
0x000070000a6122e8:   00007fff4f986905 0000000000010000
0x000070000a6122f8:   00007fffa875c8e0 0000000000000000
0x000070000a612308:   00007fe4f752a2a8 000070000a612370
0x000070000a612318:   00007fff4d6e031d 00007fe4f752a290
0x000070000a612328:   0000000000000012 00007fe4f75ce930
0x000070000a612338:   0000000000000000 00007fe4f752a2a8
0x000070000a612348:   0000000000000001 00007fffa875c8e0
0x000070000a612358:   000070000a6123e0 0000000000000000
0x000070000a612368:   00007fe4f75ce930 000070000a612c10
0x000070000a612378:   00007fff4d7a7f0d 0000000000000000
0x000070000a612388:   0000000000000000 0000000000000000
0x000070000a612398:   0000000000000000 0000000000000000
0x000070000a6123a8:   0000000000000001 0000000000000000
0x000070000a6123b8:   0000000000000000 0000000000000001
0x000070000a6123c8:   0000000000000000 0000000000000000
0x000070000a6123d8:   0000000000000000 0000000000000000
0x000070000a6123e8:   0000000000000000 0000000000000000
0x000070000a6123f8:   0000000000000000 0000000000000000
0x000070000a612408:   0000000000000000 0000000000000000
0x000070000a612418:   0000000000000000 0000000000000000
0x000070000a612428:   0000000000000000 0000000000000000
0x000070000a612438:   0000000000000000 0000000000000000
0x000070000a612448:   0000000000000000 0000000000000000
0x000070000a612458:   0000000000000000 0000000000000000
0x000070000a612468:   0000000000000000 0000000000000000
0x000070000a612478:   0000000000000000 0000000000000000
0x000070000a612488:   0000000000000000 0000000000000000
0x000070000a612498:   0000000000000000 0000000000000000
0x000070000a6124a8:   0000000000000000 0000000000000000
0x000070000a6124b8:   0000000000000000 0000000000000000
0x000070000a6124c8:   0000000000000000 0000000000000000
0x000070000a6124d8:   0000000000000000 0000000000000000 

Instructions: (pc=0x00007fff77ed939d)
0x00007fff77ed937d:   0f 1f 00 48 85 ff 2e 74 62 40 f6 c7 01 2e 75 66
0x00007fff77ed938d:   49 ba f8 ff ff ff ff 7f 00 00 4c 23 17 49 89 f3
0x00007fff77ed939d:   45 23 5a 18 49 c1 e3 04 4d 03 5a 10 49 3b 33 75
0x00007fff77ed93ad:   04 41 ff 63 08 49 83 3b 01 76 0d 49 83 c3 10 49 

Register to memory mapping:

RAX=0x0000000000000000 is an unknown value
RBX=0x00007fe4f75c5a60 is an unknown value
RCX=0x0000000000000000 is an unknown value
RDX=0x0000000000000000 is an unknown value
RSP=0x000070000a6122e8 is pointing into the stack for thread: 0x00007fe4f9005000
RBP=0x000070000a612310 is pointing into the stack for thread: 0x00007fe4f9005000
RSI=0x00007fff4b8dfa8e: GCC_except_table7+0x3a2 in /System/Library/Frameworks/AppKit.framework/Versions/C/AppKit at 0x00007fff4ad42000
RDI=0x00007fe4f75bd840 is an unknown value
R8 =0x0000000000000000 is an unknown value
R9 =0x00007fe4f7425cd0 is an unknown value
R10=0x0000000000000000 is an unknown value
R11=0x00007fff4b8dfa8e: GCC_except_table7+0x3a2 in /System/Library/Frameworks/AppKit.framework/Versions/C/AppKit at 0x00007fff4ad42000
R12=0x00007fe4f75ce960 is an unknown value
R13=0x0000000000000001 is an unknown value
R14=0x00007fff4b8dfa8e: GCC_except_table7+0x3a2 in /System/Library/Frameworks/AppKit.framework/Versions/C/AppKit at 0x00007fff4ad42000
R15=0x00007fff77ed9380: objc_msgSend+0 in /usr/lib/libobjc.A.dylib at 0x00007fff77ed3000


Stack: [0x000070000a514000,0x000070000a614000],  sp=0x000070000a6122e8,  free space=1016k
Native frames: (J=compiled Java code, j=interpreted, Vv=VM code, C=native code)
C  [libobjc.A.dylib+0x639d]  objc_msgSend+0x1d
C  [CoreFoundation+0x3631d]  __CFArrayReleaseValues+0x1cd
C  [CoreFoundation+0xfdf0d]  _CFArrayReplaceValues+0x16d
C  [Foundation+0x3d9fe]  NSKeyValuePopPendingNotificationPerThread+0x72
C  [Foundation+0x1af6e]  NSKeyValueDidChange+0x1fd
C  [Foundation+0x1a539d]  NSKeyValueDidChangeWithPerThreadPendingNotifications.llvm.15185137406513792962+0x8f
C  [AVFoundation+0x30fae]  -[AVCaptureDevice open:]+0xb4
C  [AVFoundation+0x2f04]  -[AVCaptureDeviceInput initWithDevice:error:]+0xdd
C  [libopencv_videoio.4.0.dylib+0x24290]  _ZN2cv17AVIWriteContainer12jflushStreamEji+0x27e0
C  [libopencv_videoio.4.0.dylib+0x23f4c]  _ZN2cv17AVIWriteContainer12jflushStreamEji+0x249c
C  [libopencv_videoio.4.0.dylib+0x7a34]  _ZN2cv16videoio_registry17getWriterBackendsEv+0x484
C  [libopencv_videoio.4.0.dylib+0x1382a]  _ZN2cv12VideoCapture4openEii+0x18a
C  [libjniopencv_videoio.dylib+0x36c9]  Java_org_bytedeco_opencv_opencv_1videoio_VideoCapture_open__I+0x59
j  org.bytedeco.opencv.opencv_videoio.VideoCapture.open(I)Z+0
j  io.ghostyjade.opencv.BallRecognizer.init()V+28
j  io.ghostyjade.pinkanell.PinkanellMain.<init>()V+48
j  io.ghostyjade.pinkanell.PinkanellMain.main([Ljava/lang/String;)V+3
v  ~StubRoutines::call_stub
V  [libjvm.dylib+0x2f0d1e]
V  [libjvm.dylib+0x327cc5]
V  [libjvm.dylib+0x320a51]
C  [java+0x38c6]  JavaMain+0x9c4
C  [libsystem_pthread.dylib+0x32eb]  _pthread_body+0x7e
C  [libsystem_pthread.dylib+0x6249]  _pthread_start+0x42
C  [libsystem_pthread.dylib+0x240d]  thread_start+0xd
C  0x0000000000000000

Java frames: (J=compiled Java code, j=interpreted, Vv=VM code)
j  org.bytedeco.opencv.opencv_videoio.VideoCapture.open(I)Z+0
j  io.ghostyjade.opencv.BallRecognizer.init()V+28
j  io.ghostyjade.pinkanell.PinkanellMain.<init>()V+48
j  io.ghostyjade.pinkanell.PinkanellMain.main([Ljava/lang/String;)V+3
v  ~StubRoutines::call_stub

---------------  P R O C E S S  ---------------

Java Threads: ( => current thread )
  0x00007fe4f79ce800 JavaThread "AWT-Shutdown" [_thread_blocked, id=69391, stack(0x000070000b3c1000,0x000070000b4c1000)]
  0x00007fe4f9188000 JavaThread "JavaCPP Deallocator" daemon [_thread_blocked, id=54027, stack(0x000070000b8d3000,0x000070000b9d3000)]
  0x00007fe4f917f800 JavaThread "Java2D Disposer" daemon [_thread_blocked, id=51215, stack(0x000070000b6cd000,0x000070000b7cd000)]
  0x00007fe4f80ee800 JavaThread "Java2D Queue Flusher" daemon [_thread_blocked, id=86571, stack(0x000070000b5ca000,0x000070000b6ca000)]
  0x00007fe4f88be000 JavaThread "AppKit Thread" daemon [_thread_in_native, id=775, stack(0x00007ffee3cdf000,0x00007ffee44df000)]
  0x00007fe4f7821000 JavaThread "Service Thread" daemon [_thread_blocked, id=14595, stack(0x000070000b138000,0x000070000b238000)]
  0x00007fe4f8801000 JavaThread "C1 CompilerThread2" daemon [_thread_blocked, id=14083, stack(0x000070000b035000,0x000070000b135000)]
  0x00007fe4f8029800 JavaThread "C2 CompilerThread1" daemon [_thread_blocked, id=18435, stack(0x000070000af32000,0x000070000b032000)]
  0x00007fe4f8028000 JavaThread "C2 CompilerThread0" daemon [_thread_blocked, id=18691, stack(0x000070000ae2f000,0x000070000af2f000)]
  0x00007fe4f8026800 JavaThread "Signal Dispatcher" daemon [_thread_blocked, id=13315, stack(0x000070000ad2c000,0x000070000ae2c000)]
  0x00007fe4f7812000 JavaThread "Finalizer" daemon [_thread_blocked, id=11779, stack(0x000070000ac29000,0x000070000ad29000)]
  0x00007fe4f7807800 JavaThread "Reference Handler" daemon [_thread_blocked, id=20739, stack(0x000070000ab26000,0x000070000ac26000)]
=>0x00007fe4f9005000 JavaThread "main" [_thread_in_native, id=5891, stack(0x000070000a514000,0x000070000a614000)]

Other Threads:
  0x00007fe4f7805000 VMThread [stack: 0x000070000aa23000,0x000070000ab23000] [id=11267]
  0x00007fe4f8027800 WatcherThread [stack: 0x000070000b23b000,0x000070000b33b000] [id=14851]

VM state:not at safepoint (normal execution)

VM Mutex/Monitor currently owned by a thread: None

heap address: 0x0000000780000000, size: 1024 MB, Compressed Oops mode: Zero based, Oop shift amount: 3
Narrow klass base: 0x0000000000000000, Narrow klass shift: 3
Compressed class space size: 1073741824 Address: 0x00000007c0000000

Heap:
 PSYoungGen      total 68096K, used 17341K [0x00000007aab00000, 0x00000007af000000, 0x00000007c0000000)
  eden space 65536K, 23% used [0x00000007aab00000,0x00000007aba4f638,0x00000007aeb00000)
  from space 2560K, 65% used [0x00000007aed80000,0x00000007aef20020,0x00000007af000000)
  to   space 2560K, 0% used [0x00000007aeb00000,0x00000007aeb00000,0x00000007aed80000)
 ParOldGen       total 44032K, used 48K [0x0000000780000000, 0x0000000782b00000, 0x00000007aab00000)
  object space 44032K, 0% used [0x0000000780000000,0x000000078000c000,0x0000000782b00000)
 Metaspace       used 11328K, capacity 11540K, committed 11904K, reserved 1060864K
  class space    used 1260K, capacity 1351K, committed 1408K, reserved 1048576K

Card table byte_map: [0x000000010d379000,0x000000010d57a000] byte_map_base: 0x0000000109779000

Marking Bits: (ParMarkBitMap*) 0x000000010c8fbe40
 Begin Bits: [0x000000010d6d0000, 0x000000010e6d0000)
 End Bits:   [0x000000010e6d0000, 0x000000010f6d0000)

Polling page: 0x000000010b79a000

CodeCache: size=245760Kb used=3453Kb max_used=3459Kb free=242306Kb
 bounds [0x0000000110aae000, 0x0000000110e1e000, 0x000000011faae000]
 total_blobs=1323 nmethods=797 adapters=440
 compilation: enabled

Compilation events (10 events):
Event: 1.932 Thread 0x00007fe4f8028000  790       4       java.util.Arrays::copyOf (46 bytes)
Event: 1.936 Thread 0x00007fe4f8028000 nmethod 790 0x0000000110e0b790 code [0x0000000110e0b900, 0x0000000110e0bcb8]
Event: 1.937 Thread 0x00007fe4f8801000  792       3       java.util.zip.ZipCoder::decoder (35 bytes)
Event: 1.937 Thread 0x00007fe4f8801000 nmethod 792 0x0000000110e0e510 code [0x0000000110e0e6c0, 0x0000000110e0ed48]
Event: 1.945 Thread 0x00007fe4f8801000  795       3       java.net.URI$Parser::scan (50 bytes)
Event: 1.946 Thread 0x00007fe4f8801000 nmethod 795 0x0000000110e0d290 code [0x0000000110e0d460, 0x0000000110e0dd08]
Event: 1.946 Thread 0x00007fe4f8029800  796       4       java.net.URL::<init> (8 bytes)
Event: 1.947 Thread 0x00007fe4f8029800 nmethod 796 0x0000000110e09c90 code [0x0000000110e09de0, 0x0000000110e09e68]
Event: 1.948 Thread 0x00007fe4f8801000  797  s    3       java.util.Vector::elementAt (48 bytes)
Event: 1.949 Thread 0x00007fe4f8801000 nmethod 797 0x0000000110e0bf50 code [0x0000000110e0c160, 0x0000000110e0cce8]

GC Heap History (10 events):
Event: 1.424 GC heap before
{Heap before GC invocations=2 (full 0):
 PSYoungGen      total 18944K, used 18061K [0x00000007aab00000, 0x00000007ac000000, 0x00000007c0000000)
  eden space 16384K, 100% used [0x00000007aab00000,0x00000007abb00000,0x00000007abb00000)
  from space 2560K, 65% used [0x00000007abb00000,0x00000007abca3478,0x00000007abd80000)
  to   space 2560K, 0% used [0x00000007abd80000,0x00000007abd80000,0x00000007ac000000)
 ParOldGen       total 44032K, used 8K [0x0000000780000000, 0x0000000782b00000, 0x00000007aab00000)
  object space 44032K, 0% used [0x0000000780000000,0x0000000780002000,0x0000000782b00000)
 Metaspace       used 10607K, capacity 10766K, committed 11136K, reserved 1058816K
  class space    used 1214K, capacity 1286K, committed 1408K, reserved 1048576K
Event: 1.428 GC heap after
Heap after GC invocations=2 (full 0):
 PSYoungGen      total 18944K, used 2400K [0x00000007aab00000, 0x00000007ac000000, 0x00000007c0000000)
  eden space 16384K, 0% used [0x00000007aab00000,0x00000007aab00000,0x00000007abb00000)
  from space 2560K, 93% used [0x00000007abd80000,0x00000007abfd8000,0x00000007ac000000)
  to   space 2560K, 0% used [0x00000007abb00000,0x00000007abb00000,0x00000007abd80000)
 ParOldGen       total 44032K, used 16K [0x0000000780000000, 0x0000000782b00000, 0x00000007aab00000)
  object space 44032K, 0% used [0x0000000780000000,0x0000000780004000,0x0000000782b00000)
 Metaspace       used 10607K, capacity 10766K, committed 11136K, reserved 1058816K
  class space    used 1214K, capacity 1286K, committed 1408K, reserved 1048576K
}
Event: 1.518 GC heap before
{Heap before GC invocations=3 (full 0):
 PSYoungGen      total 18944K, used 18784K [0x00000007aab00000, 0x00000007ac000000, 0x00000007c0000000)
  eden space 16384K, 100% used [0x00000007aab00000,0x00000007abb00000,0x00000007abb00000)
  from space 2560K, 93% used [0x00000007abd80000,0x00000007abfd8000,0x00000007ac000000)
  to   space 2560K, 0% used [0x00000007abb00000,0x00000007abb00000,0x00000007abd80000)
 ParOldGen       total 44032K, used 16K [0x0000000780000000, 0x0000000782b00000, 0x00000007aab00000)
  object space 44032K, 0% used [0x0000000780000000,0x0000000780004000,0x0000000782b00000)
 Metaspace       used 10643K, capacity 10862K, committed 11136K, reserved 1058816K
  class space    used 1215K, capacity 1318K, committed 1408K, reserved 1048576K
Event: 1.520 GC heap after
Heap after GC invocations=3 (full 0):
 PSYoungGen      total 18944K, used 1600K [0x00000007aab00000, 0x00000007ad000000, 0x00000007c0000000)
  eden space 16384K, 0% used [0x00000007aab00000,0x00000007aab00000,0x00000007abb00000)
  from space 2560K, 62% used [0x00000007abb00000,0x00000007abc90000,0x00000007abd80000)
  to   space 2560K, 0% used [0x00000007acd80000,0x00000007acd80000,0x00000007ad000000)
 ParOldGen       total 44032K, used 24K [0x0000000780000000, 0x0000000782b00000, 0x00000007aab00000)
  object space 44032K, 0% used [0x0000000780000000,0x0000000780006000,0x0000000782b00000)
 Metaspace       used 10643K, capacity 10862K, committed 11136K, reserved 1058816K
  class space    used 1215K, capacity 1318K, committed 1408K, reserved 1048576K
}
Event: 1.600 GC heap before
{Heap before GC invocations=4 (full 0):
 PSYoungGen      total 18944K, used 17984K [0x00000007aab00000, 0x00000007ad000000, 0x00000007c0000000)
  eden space 16384K, 100% used [0x00000007aab00000,0x00000007abb00000,0x00000007abb00000)
  from space 2560K, 62% used [0x00000007abb00000,0x00000007abc90000,0x00000007abd80000)
  to   space 2560K, 0% used [0x00000007acd80000,0x00000007acd80000,0x00000007ad000000)
 ParOldGen       total 44032K, used 24K [0x0000000780000000, 0x0000000782b00000, 0x00000007aab00000)
  object space 44032K, 0% used [0x0000000780000000,0x0000000780006000,0x0000000782b00000)
 Metaspace       used 10670K, capacity 10862K, committed 11136K, reserved 1058816K
  class space    used 1216K, capacity 1318K, committed 1408K, reserved 1048576K
Event: 1.603 GC heap after
Heap after GC invocations=4 (full 0):
 PSYoungGen      total 35328K, used 1584K [0x00000007aab00000, 0x00000007ad000000, 0x00000007c0000000)
  eden space 32768K, 0% used [0x00000007aab00000,0x00000007aab00000,0x00000007acb00000)
  from space 2560K, 61% used [0x00000007acd80000,0x00000007acf0c010,0x00000007ad000000)
  to   space 2560K, 0% used [0x00000007acb00000,0x00000007acb00000,0x00000007acd80000)
 ParOldGen       total 44032K, used 32K [0x0000000780000000, 0x0000000782b00000, 0x00000007aab00000)
  object space 44032K, 0% used [0x0000000780000000,0x0000000780008000,0x0000000782b00000)
 Metaspace       used 10670K, capacity 10862K, committed 11136K, reserved 1058816K
  class space    used 1216K, capacity 1318K, committed 1408K, reserved 1048576K
}
Event: 1.794 GC heap before
{Heap before GC invocations=5 (full 0):
 PSYoungGen      total 35328K, used 34352K [0x00000007aab00000, 0x00000007ad000000, 0x00000007c0000000)
  eden space 32768K, 100% used [0x00000007aab00000,0x00000007acb00000,0x00000007acb00000)
  from space 2560K, 61% used [0x00000007acd80000,0x00000007acf0c010,0x00000007ad000000)
  to   space 2560K, 0% used [0x00000007acb00000,0x00000007acb00000,0x00000007acd80000)
 ParOldGen       total 44032K, used 32K [0x0000000780000000, 0x0000000782b00000, 0x00000007aab00000)
  object space 44032K, 0% used [0x0000000780000000,0x0000000780008000,0x0000000782b00000)
 Metaspace       used 11242K, capacity 11380K, committed 11648K, reserved 1058816K
  class space    used 1252K, capacity 1319K, committed 1408K, reserved 1048576K
Event: 1.797 GC heap after
Heap after GC invocations=5 (full 0):
 PSYoungGen      total 35328K, used 1760K [0x00000007aab00000, 0x00000007af000000, 0x00000007c0000000)
  eden space 32768K, 0% used [0x00000007aab00000,0x00000007aab00000,0x00000007acb00000)
  from space 2560K, 68% used [0x00000007acb00000,0x00000007accb8020,0x00000007acd80000)
  to   space 2560K, 0% used [0x00000007aed80000,0x00000007aed80000,0x00000007af000000)
 ParOldGen       total 44032K, used 40K [0x0000000780000000, 0x0000000782b00000, 0x00000007aab00000)
  object space 44032K, 0% used [0x0000000780000000,0x000000078000a000,0x0000000782b00000)
 Metaspace       used 11242K, capacity 11380K, committed 11648K, reserved 1058816K
  class space    used 1252K, capacity 1319K, committed 1408K, reserved 1048576K
}
Event: 1.906 GC heap before
{Heap before GC invocations=6 (full 0):
 PSYoungGen      total 35328K, used 34528K [0x00000007aab00000, 0x00000007af000000, 0x00000007c0000000)
  eden space 32768K, 100% used [0x00000007aab00000,0x00000007acb00000,0x00000007acb00000)
  from space 2560K, 68% used [0x00000007acb00000,0x00000007accb8020,0x00000007acd80000)
  to   space 2560K, 0% used [0x00000007aed80000,0x00000007aed80000,0x00000007af000000)
 ParOldGen       total 44032K, used 40K [0x0000000780000000, 0x0000000782b00000, 0x00000007aab00000)
  object space 44032K, 0% used [0x0000000780000000,0x000000078000a000,0x0000000782b00000)
 Metaspace       used 11293K, capacity 11540K, committed 11904K, reserved 1060864K
  class space    used 1255K, capacity 1351K, committed 1408K, reserved 1048576K
Event: 1.909 GC heap after
Heap after GC invocations=6 (full 0):
 PSYoungGen      total 68096K, used 1664K [0x00000007aab00000, 0x00000007af000000, 0x00000007c0000000)
  eden space 65536K, 0% used [0x00000007aab00000,0x00000007aab00000,0x00000007aeb00000)
  from space 2560K, 65% used [0x00000007aed80000,0x00000007aef20020,0x00000007af000000)
  to   space 2560K, 0% used [0x00000007aeb00000,0x00000007aeb00000,0x00000007aed80000)
 ParOldGen       total 44032K, used 48K [0x0000000780000000, 0x0000000782b00000, 0x00000007aab00000)
  object space 44032K, 0% used [0x0000000780000000,0x000000078000c000,0x0000000782b00000)
 Metaspace       used 11293K, capacity 11540K, committed 11904K, reserved 1060864K
  class space    used 1255K, capacity 1351K, committed 1408K, reserved 1048576K
}

Deoptimization events (3 events):
Event: 1.207 Thread 0x00007fe4f9005000 Uncommon trap: reason=unstable_if action=reinterpret pc=0x0000000110ce6764 method=sun.misc.URLClassPath$JarLoader.findResource(Ljava/lang/String;Z)Ljava/net/URL; @ 8
Event: 1.207 Thread 0x00007fe4f9005000 Uncommon trap: reason=unstable_if action=reinterpret pc=0x0000000110cf95c8 method=sun.misc.URLClassPath$1.next()Z @ 56
Event: 1.218 Thread 0x00007fe4f9005000 Uncommon trap: reason=unstable_if action=reinterpret pc=0x0000000110cea320 method=java.lang.String.lastIndexOf([CII[CIII)I @ 118

Classes redefined (0 events):
No events

Internal exceptions (10 events):
Event: 0.155 Thread 0x00007fe4f9005000 Exception <a 'java/security/PrivilegedActionException'> (0x00000007aac24cb8) thrown at [/Users/java_re/workspace/8-2-build-macosx-x86_64/jdk8u202/12323/hotspot/src/share/vm/prims/jvm.cpp, line 1502]
Event: 0.155 Thread 0x00007fe4f9005000 Exception <a 'java/security/PrivilegedActionException'> (0x00000007aac24ec8) thrown at [/Users/java_re/workspace/8-2-build-macosx-x86_64/jdk8u202/12323/hotspot/src/share/vm/prims/jvm.cpp, line 1502]
Event: 0.179 Thread 0x00007fe4f9005000 Exception <a 'java/security/PrivilegedActionException'> (0x00000007aac713e0) thrown at [/Users/java_re/workspace/8-2-build-macosx-x86_64/jdk8u202/12323/hotspot/src/share/vm/prims/jvm.cpp, line 1502]
Event: 0.179 Thread 0x00007fe4f9005000 Exception <a 'java/security/PrivilegedActionException'> (0x00000007aac715f0) thrown at [/Users/java_re/workspace/8-2-build-macosx-x86_64/jdk8u202/12323/hotspot/src/share/vm/prims/jvm.cpp, line 1502]
Event: 0.180 Thread 0x00007fe4f9005000 Exception <a 'java/security/PrivilegedActionException'> (0x00000007aac74920) thrown at [/Users/java_re/workspace/8-2-build-macosx-x86_64/jdk8u202/12323/hotspot/src/share/vm/prims/jvm.cpp, line 1502]
Event: 0.180 Thread 0x00007fe4f9005000 Exception <a 'java/security/PrivilegedActionException'> (0x00000007aac74b30) thrown at [/Users/java_re/workspace/8-2-build-macosx-x86_64/jdk8u202/12323/hotspot/src/share/vm/prims/jvm.cpp, line 1502]
Event: 0.277 Thread 0x00007fe4f9005000 Exception <a 'java/lang/NoSuchFieldError': method resolution failed> (0x00000007aad53ca8) thrown at [/Users/java_re/workspace/8-2-build-macosx-x86_64/jdk8u202/12323/hotspot/src/share/vm/prims/methodHandles.cpp, line 1167]
Event: 0.281 Thread 0x00007fe4f9005000 Exception <a 'java/lang/NoSuchFieldError': method resolution failed> (0x00000007aad61478) thrown at [/Users/java_re/workspace/8-2-build-macosx-x86_64/jdk8u202/12323/hotspot/src/share/vm/prims/methodHandles.cpp, line 1167]
Event: 0.617 Thread 0x00007fe4f9005000 Exception <a 'java/io/FileNotFoundException'> (0x00000007aaddc1c0) thrown at [/Users/java_re/workspace/8-2-build-macosx-x86_64/jdk8u202/12323/hotspot/src/share/vm/prims/jni.cpp, line 710]
Event: 0.617 Thread 0x00007fe4f9005000 Exception <a 'java/io/FileNotFoundException'> (0x00000007aaddcd28) thrown at [/Users/java_re/workspace/8-2-build-macosx-x86_64/jdk8u202/12323/hotspot/src/share/vm/prims/jni.cpp, line 710]

Events (10 events):
Event: 3.422 loading class sun/awt/AppContext$PostShutdownEventRunnable done
Event: 3.422 loading class sun/awt/AWTAutoShutdown$1
Event: 3.422 loading class sun/awt/AWTAutoShutdown$1 done
Event: 3.423 Thread 0x00007fe4f79ce800 Thread exited: 0x00007fe4f79ce800
Event: 3.423 loading class java/awt/MenuComponent
Event: 3.423 loading class java/awt/MenuComponent done
Event: 3.423 loading class java/awt/TrayIcon
Event: 3.423 loading class java/awt/TrayIcon done
Event: 3.423 Thread 0x00007fe4f918a000 Thread exited: 0x00007fe4f918a000
Event: 3.687 Thread 0x00007fe4f79ce800 Thread added: 0x00007fe4f79ce800


Dynamic libraries:
0x00007fff4ceb4000 	/System/Library/Frameworks/Cocoa.framework/Versions/A/Cocoa
0x00007fff58bfc000 	/System/Library/Frameworks/Security.framework/Versions/A/Security
0x00007fff4bb49000 	/System/Library/Frameworks/ApplicationServices.framework/Versions/A/ApplicationServices
0x00007fff78d39000 	/usr/lib/libz.1.dylib
0x00007fff7661c000 	/usr/lib/libSystem.B.dylib
0x00007fff77ed3000 	/usr/lib/libobjc.A.dylib
0x00007fff4d6aa000 	/System/Library/Frameworks/CoreFoundation.framework/Versions/A/CoreFoundation
0x00007fff4f949000 	/System/Library/Frameworks/Foundation.framework/Versions/C/Foundation
0x00007fff4ad42000 	/System/Library/Frameworks/AppKit.framework/Versions/C/AppKit
0x00007fff4d22f000 	/System/Library/Frameworks/CoreData.framework/Versions/A/CoreData
0x00007fff700ef000 	/System/Library/PrivateFrameworks/RemoteViewServices.framework/Versions/A/RemoteViewServices
0x00007fff7435c000 	/System/Library/PrivateFrameworks/UIFoundation.framework/Versions/A/UIFoundation
0x00007fff75a3e000 	/System/Library/PrivateFrameworks/XCTTargetBootstrap.framework/Versions/A/XCTTargetBootstrap
0x00007fff4d5c2000 	/System/Library/Frameworks/CoreDisplay.framework/Versions/A/CoreDisplay
0x00007fff6ae42000 	/System/Library/PrivateFrameworks/IconServices.framework/Versions/A/IconServices
0x00007fff52272000 	/System/Library/Frameworks/Metal.framework/Versions/A/Metal
0x00007fff623bd000 	/System/Library/PrivateFrameworks/DesktopServicesPriv.framework/Versions/A/DesktopServicesPriv
0x00007fff77236000 	/usr/lib/libenergytrace.dylib
0x00007fff72845000 	/System/Library/PrivateFrameworks/SkyLight.framework/Versions/A/SkyLight
0x00007fff4daf0000 	/System/Library/Frameworks/CoreGraphics.framework/Versions/A/CoreGraphics
0x00007fff4992c000 	/System/Library/Frameworks/Accelerate.framework/Versions/A/Accelerate
0x00007fff50091000 	/System/Library/Frameworks/IOSurface.framework/Versions/A/IOSurface
0x00007fff62229000 	/System/Library/PrivateFrameworks/DFRFoundation.framework/Versions/A/DFRFoundation
0x00007fff4c02c000 	/System/Library/Frameworks/AudioToolbox.framework/Versions/A/AudioToolbox
0x00007fff4c2a5000 	/System/Library/Frameworks/AudioUnit.framework/Versions/A/AudioUnit
0x00007fff622be000 	/System/Library/PrivateFrameworks/DataDetectorsCore.framework/Versions/A/DataDetectorsCore
0x00007fff4c9b8000 	/System/Library/Frameworks/Carbon.framework/Versions/A/Frameworks/HIToolbox.framework/Versions/A/HIToolbox
0x00007fff7738f000 	/usr/lib/libicucore.A.dylib
0x00007fff58171000 	/System/Library/Frameworks/QuartzCore.framework/Versions/A/QuartzCore
0x00007fff4cd8c000 	/System/Library/Frameworks/Carbon.framework/Versions/A/Frameworks/SpeechRecognition.framework/Versions/A/SpeechRecognition
0x00007fff767f0000 	/usr/lib/libauto.dylib
0x00007fff78c2d000 	/usr/lib/libxml2.2.dylib
0x00007fff61e06000 	/System/Library/PrivateFrameworks/CoreUI.framework/Versions/A/CoreUI
0x00007fff4d11a000 	/System/Library/Frameworks/CoreAudio.framework/Versions/A/CoreAudio
0x00007fff4f77e000 	/System/Library/Frameworks/DiskArbitration.framework/Versions/A/DiskArbitration
0x00007fff7763d000 	/usr/lib/liblangid.dylib
0x00007fff6c250000 	/System/Library/PrivateFrameworks/MultitouchSupport.framework/Versions/A/MultitouchSupport
0x00007fff50000000 	/System/Library/Frameworks/IOKit.framework/Versions/A/IOKit
0x00007fff761dd000 	/usr/lib/libDiagnosticMessagesClient.dylib
0x00007fff4e91c000 	/System/Library/Frameworks/CoreServices.framework/Versions/A/CoreServices
0x00007fff6def7000 	/System/Library/PrivateFrameworks/PerformanceAnalysis.framework/Versions/A/PerformanceAnalysis
0x00007fff5735f000 	/System/Library/Frameworks/OpenGL.framework/Versions/A/OpenGL
0x00007fff4cec2000 	/System/Library/Frameworks/ColorSync.framework/Versions/A/ColorSync
0x00007fff4e19e000 	/System/Library/Frameworks/CoreImage.framework/Versions/A/CoreImage
0x00007fff4f2f5000 	/System/Library/Frameworks/CoreText.framework/Versions/A/CoreText
0x00007fff500f4000 	/System/Library/Frameworks/ImageIO.framework/Versions/A/ImageIO
0x00007fff5e45b000 	/System/Library/PrivateFrameworks/Backup.framework/Versions/A/Backup
0x00007fff766c3000 	/usr/lib/libarchive.2.dylib
0x00007fff4c5fd000 	/System/Library/Frameworks/CFNetwork.framework/Versions/A/CFNetwork
0x00007fff59356000 	/System/Library/Frameworks/SystemConfiguration.framework/Versions/A/SystemConfiguration
0x00007fff7610e000 	/usr/lib/libCRFSuite.dylib
0x00007fff768df000 	/usr/lib/libc++.1.dylib
0x00007fff76933000 	/usr/lib/libc++abi.dylib
0x00007fff7952f000 	/usr/lib/system/libcache.dylib
0x00007fff79534000 	/usr/lib/system/libcommonCrypto.dylib
0x00007fff7953f000 	/usr/lib/system/libcompiler_rt.dylib
0x00007fff79547000 	/usr/lib/system/libcopyfile.dylib
0x00007fff79551000 	/usr/lib/system/libcorecrypto.dylib
0x00007fff7965c000 	/usr/lib/system/libdispatch.dylib
0x00007fff79696000 	/usr/lib/system/libdyld.dylib
0x00007fff796c3000 	/usr/lib/system/libkeymgr.dylib
0x00007fff796d1000 	/usr/lib/system/liblaunch.dylib
0x00007fff796d2000 	/usr/lib/system/libmacho.dylib
0x00007fff796d8000 	/usr/lib/system/libquarantine.dylib
0x00007fff796db000 	/usr/lib/system/libremovefile.dylib
0x00007fff796dd000 	/usr/lib/system/libsystem_asl.dylib
0x00007fff796f5000 	/usr/lib/system/libsystem_blocks.dylib
0x00007fff796f6000 	/usr/lib/system/libsystem_c.dylib
0x00007fff7977e000 	/usr/lib/system/libsystem_configuration.dylib
0x00007fff79782000 	/usr/lib/system/libsystem_coreservices.dylib
0x00007fff79786000 	/usr/lib/system/libsystem_darwin.dylib
0x00007fff7978d000 	/usr/lib/system/libsystem_dnssd.dylib
0x00007fff79794000 	/usr/lib/system/libsystem_info.dylib
0x00007fff79809000 	/usr/lib/system/libsystem_m.dylib
0x00007fff79855000 	/usr/lib/system/libsystem_malloc.dylib
0x00007fff79880000 	/usr/lib/system/libsystem_networkextension.dylib
0x00007fff7988b000 	/usr/lib/system/libsystem_notify.dylib
0x00007fff798a8000 	/usr/lib/system/libsystem_sandbox.dylib
0x00007fff798ac000 	/usr/lib/system/libsystem_secinit.dylib
0x00007fff797e0000 	/usr/lib/system/libsystem_kernel.dylib
0x00007fff79893000 	/usr/lib/system/libsystem_platform.dylib
0x00007fff7989d000 	/usr/lib/system/libsystem_pthread.dylib
0x00007fff798af000 	/usr/lib/system/libsystem_symptoms.dylib
0x00007fff798b7000 	/usr/lib/system/libsystem_trace.dylib
0x00007fff798ce000 	/usr/lib/system/libunwind.dylib
0x00007fff798d4000 	/usr/lib/system/libxpc.dylib
0x00007fff768c0000 	/usr/lib/libbsm.0.dylib
0x00007fff796c4000 	/usr/lib/system/libkxld.dylib
0x00007fff5d84c000 	/System/Library/PrivateFrameworks/AppleFSCompression.framework/Versions/A/AppleFSCompression
0x00007fff764dc000 	/usr/lib/libOpenScriptingUtil.dylib
0x00007fff76be8000 	/usr/lib/libcoretls.dylib
0x00007fff76bff000 	/usr/lib/libcoretls_cfhelpers.dylib
0x00007fff7866d000 	/usr/lib/libpam.2.dylib
0x00007fff7882d000 	/usr/lib/libsqlite3.dylib
0x00007fff78c1b000 	/usr/lib/libxar.1.dylib
0x00007fff768d1000 	/usr/lib/libbz2.1.0.dylib
0x00007fff7763f000 	/usr/lib/liblzma.5.dylib
0x00007fff77af0000 	/usr/lib/libnetwork.dylib
0x00007fff766ac000 	/usr/lib/libapple_nghttp2.dylib
0x00007fff78674000 	/usr/lib/libpcap.A.dylib
0x00007fff4ecbb000 	/System/Library/Frameworks/CoreServices.framework/Versions/A/Frameworks/FSEvents.framework/Versions/A/FSEvents
0x00007fff4e99a000 	/System/Library/Frameworks/CoreServices.framework/Versions/A/Frameworks/CarbonCore.framework/Versions/A/CarbonCore
0x00007fff4ee77000 	/System/Library/Frameworks/CoreServices.framework/Versions/A/Frameworks/Metadata.framework/Versions/A/Metadata
0x00007fff4ef16000 	/System/Library/Frameworks/CoreServices.framework/Versions/A/Frameworks/OSServices.framework/Versions/A/OSServices
0x00007fff4ef61000 	/System/Library/Frameworks/CoreServices.framework/Versions/A/Frameworks/SearchKit.framework/Versions/A/SearchKit
0x00007fff4e91d000 	/System/Library/Frameworks/CoreServices.framework/Versions/A/Frameworks/AE.framework/Versions/A/AE
0x00007fff4ecc4000 	/System/Library/Frameworks/CoreServices.framework/Versions/A/Frameworks/LaunchServices.framework/Versions/A/LaunchServices
0x00007fff4ec72000 	/System/Library/Frameworks/CoreServices.framework/Versions/A/Frameworks/DictionaryServices.framework/Versions/A/DictionaryServices
0x00007fff4efc9000 	/System/Library/Frameworks/CoreServices.framework/Versions/A/Frameworks/SharedFileList.framework/Versions/A/SharedFileList
0x00007fff5333a000 	/System/Library/Frameworks/NetFS.framework/Versions/A/NetFS
0x00007fff6c4b6000 	/System/Library/PrivateFrameworks/NetAuth.framework/Versions/A/NetAuth
0x00007fff75e42000 	/System/Library/PrivateFrameworks/login.framework/Versions/A/Frameworks/loginsupport.framework/Versions/A/loginsupport
0x00007fff73f65000 	/System/Library/PrivateFrameworks/TCC.framework/Versions/A/TCC
0x00007fff61463000 	/System/Library/PrivateFrameworks/CoreNLP.framework/Versions/A/CoreNLP
0x00007fff6bf49000 	/System/Library/PrivateFrameworks/MetadataUtilities.framework/Versions/A/MetadataUtilities
0x00007fff77714000 	/usr/lib/libmecabra.dylib
0x00007fff4bb4a000 	/System/Library/Frameworks/ApplicationServices.framework/Versions/A/Frameworks/ATS.framework/Versions/A/ATS
0x00007fff4be99000 	/System/Library/Frameworks/ApplicationServices.framework/Versions/A/Frameworks/ColorSyncLegacy.framework/Versions/A/ColorSyncLegacy
0x00007fff4bf38000 	/System/Library/Frameworks/ApplicationServices.framework/Versions/A/Frameworks/HIServices.framework/Versions/A/HIServices
0x00007fff4bf8b000 	/System/Library/Frameworks/ApplicationServices.framework/Versions/A/Frameworks/LangAnalysis.framework/Versions/A/LangAnalysis
0x00007fff4bf9b000 	/System/Library/Frameworks/ApplicationServices.framework/Versions/A/Frameworks/PrintCore.framework/Versions/A/PrintCore
0x00007fff4bfe5000 	/System/Library/Frameworks/ApplicationServices.framework/Versions/A/Frameworks/QD.framework/Versions/A/QD
0x00007fff4c01f000 	/System/Library/Frameworks/ApplicationServices.framework/Versions/A/Frameworks/SpeechSynthesis.framework/Versions/A/SpeechSynthesis
0x00007fff7695b000 	/usr/lib/libcompression.dylib
0x00007fff52542000 	/System/Library/Frameworks/MetalPerformanceShaders.framework/Versions/A/MetalPerformanceShaders
0x00007fff49944000 	/System/Library/Frameworks/Accelerate.framework/Versions/A/Frameworks/vImage.framework/Versions/A/vImage
0x00007fff4aba0000 	/System/Library/Frameworks/Accelerate.framework/Versions/A/Frameworks/vecLib.framework/Versions/A/vecLib
0x00007fff4aa2b000 	/System/Library/Frameworks/Accelerate.framework/Versions/A/Frameworks/vecLib.framework/Versions/A/libvMisc.dylib
0x00007fff4a88a000 	/System/Library/Frameworks/Accelerate.framework/Versions/A/Frameworks/vecLib.framework/Versions/A/libvDSP.dylib
0x00007fff4a239000 	/System/Library/Frameworks/Accelerate.framework/Versions/A/Frameworks/vecLib.framework/Versions/A/libBLAS.dylib
0x00007fff4a425000 	/System/Library/Frameworks/Accelerate.framework/Versions/A/Frameworks/vecLib.framework/Versions/A/libLAPACK.dylib
0x00007fff4a7de000 	/System/Library/Frameworks/Accelerate.framework/Versions/A/Frameworks/vecLib.framework/Versions/A/libLinearAlgebra.dylib
0x00007fff4a877000 	/System/Library/Frameworks/Accelerate.framework/Versions/A/Frameworks/vecLib.framework/Versions/A/libSparseBLAS.dylib
0x00007fff4a7f4000 	/System/Library/Frameworks/Accelerate.framework/Versions/A/Frameworks/vecLib.framework/Versions/A/libQuadrature.dylib
0x00007fff4a3e0000 	/System/Library/Frameworks/Accelerate.framework/Versions/A/Frameworks/vecLib.framework/Versions/A/libBNNS.dylib
0x00007fff4a7fa000 	/System/Library/Frameworks/Accelerate.framework/Versions/A/Frameworks/vecLib.framework/Versions/A/libSparse.dylib
0x00007fff687a5000 	/System/Library/PrivateFrameworks/GPUWrangler.framework/Versions/A/GPUWrangler
0x00007fff6aa77000 	/System/Library/PrivateFrameworks/IOAccelerator.framework/Versions/A/IOAccelerator
0x00007fff6aa82000 	/System/Library/PrivateFrameworks/IOPresentment.framework/Versions/A/IOPresentment
0x00007fff62239000 	/System/Library/PrivateFrameworks/DSExternalDisplay.framework/Versions/A/DSExternalDisplay
0x00007fff567b6000 	/System/Library/Frameworks/OpenGL.framework/Versions/A/Libraries/libCoreFSCache.dylib
0x00007fff52336000 	/System/Library/Frameworks/MetalPerformanceShaders.framework/Frameworks/MPSCore.framework/Versions/A/MPSCore
0x00007fff52356000 	/System/Library/Frameworks/MetalPerformanceShaders.framework/Frameworks/MPSImage.framework/Versions/A/MPSImage
0x00007fff523fb000 	/System/Library/Frameworks/MetalPerformanceShaders.framework/Frameworks/MPSNeuralNetwork.framework/Versions/A/MPSNeuralNetwork
0x00007fff523d3000 	/System/Library/Frameworks/MetalPerformanceShaders.framework/Frameworks/MPSMatrix.framework/Versions/A/MPSMatrix
0x00007fff52527000 	/System/Library/Frameworks/MetalPerformanceShaders.framework/Frameworks/MPSRayIntersector.framework/Versions/A/MPSRayIntersector
0x00007fff6bf72000 	/System/Library/PrivateFrameworks/MetalTools.framework/Versions/A/MetalTools
0x00007fff5d0f9000 	/System/Library/PrivateFrameworks/AggregateDictionary.framework/Versions/A/AggregateDictionary
0x00007fff764bd000 	/usr/lib/libMobileGestalt.dylib
0x00007fff4f458000 	/System/Library/Frameworks/CoreVideo.framework/Versions/A/CoreVideo
0x00007fff695b5000 	/System/Library/PrivateFrameworks/GraphVisualizer.framework/Versions/A/GraphVisualizer
0x00007fff63435000 	/System/Library/PrivateFrameworks/FaceCore.framework/Versions/A/FaceCore
0x00007fff55de4000 	/System/Library/Frameworks/OpenCL.framework/Versions/A/OpenCL
0x00007fff76215000 	/usr/lib/libFosl_dynamic.dylib
0x00007fff6cd21000 	/System/Library/PrivateFrameworks/OTSVG.framework/Versions/A/OTSVG
0x00007fff4bc4e000 	/System/Library/Frameworks/ApplicationServices.framework/Versions/A/Frameworks/ATS.framework/Versions/A/Resources/libFontParser.dylib
0x00007fff4bd66000 	/System/Library/Frameworks/ApplicationServices.framework/Versions/A/Frameworks/ATS.framework/Versions/A/Resources/libFontRegistry.dylib
0x00007fff50366000 	/System/Library/Frameworks/ImageIO.framework/Versions/A/Resources/libJPEG.dylib
0x00007fff50679000 	/System/Library/Frameworks/ImageIO.framework/Versions/A/Resources/libTIFF.dylib
0x00007fff5064f000 	/System/Library/Frameworks/ImageIO.framework/Versions/A/Resources/libPng.dylib
0x00007fff50283000 	/System/Library/Frameworks/ImageIO.framework/Versions/A/Resources/libGIF.dylib
0x00007fff50288000 	/System/Library/Frameworks/ImageIO.framework/Versions/A/Resources/libJP2.dylib
0x00007fff50676000 	/System/Library/Frameworks/ImageIO.framework/Versions/A/Resources/libRadiance.dylib
0x00007fff5d9a3000 	/System/Library/PrivateFrameworks/AppleJPEG.framework/Versions/A/AppleJPEG
0x00007fff567c1000 	/System/Library/Frameworks/OpenGL.framework/Versions/A/Libraries/libGFXShared.dylib
0x00007fff56984000 	/System/Library/Frameworks/OpenGL.framework/Versions/A/Libraries/libGLU.dylib
0x00007fff567ca000 	/System/Library/Frameworks/OpenGL.framework/Versions/A/Libraries/libGL.dylib
0x00007fff567d6000 	/System/Library/Frameworks/OpenGL.framework/Versions/A/Libraries/libGLImage.dylib
0x00007fff567b3000 	/System/Library/Frameworks/OpenGL.framework/Versions/A/Libraries/libCVMSPluginSupport.dylib
0x00007fff567bc000 	/System/Library/Frameworks/OpenGL.framework/Versions/A/Libraries/libCoreVMClient.dylib
0x00007fff770ac000 	/usr/lib/libcups.2.dylib
0x00007fff5183d000 	/System/Library/Frameworks/Kerberos.framework/Versions/A/Kerberos
0x00007fff4fd65000 	/System/Library/Frameworks/GSS.framework/Versions/A/GSS
0x00007fff787c2000 	/usr/lib/libresolv.9.dylib
0x00007fff7729e000 	/usr/lib/libiconv.2.dylib
0x00007fff69714000 	/System/Library/PrivateFrameworks/Heimdal.framework/Versions/A/Heimdal
0x00007fff7726e000 	/usr/lib/libheimdal-asn1.dylib
0x00007fff55e58000 	/System/Library/Frameworks/OpenDirectory.framework/Versions/A/OpenDirectory
0x00007fff601c8000 	/System/Library/PrivateFrameworks/CommonAuth.framework/Versions/A/CommonAuth
0x00007fff55e3c000 	/System/Library/Frameworks/OpenDirectory.framework/Versions/A/Frameworks/CFOpenDirectory.framework/Versions/A/CFOpenDirectory
0x00007fff58efc000 	/System/Library/Frameworks/SecurityFoundation.framework/Versions/A/SecurityFoundation
0x00007fff5c642000 	/System/Library/PrivateFrameworks/APFS.framework/Versions/A/APFS
0x00007fff78c17000 	/usr/lib/libutil.dylib
0x00007fff76949000 	/usr/lib/libcharset.1.dylib
0x00007fff5dc40000 	/System/Library/PrivateFrameworks/AppleSauce.framework/Versions/A/AppleSauce
0x00007fff5ddc1000 	/System/Library/PrivateFrameworks/AssertionServices.framework/Versions/A/AssertionServices
0x00007fff5e4f1000 	/System/Library/PrivateFrameworks/BaseBoard.framework/Versions/A/BaseBoard
0x00007fff7766f000 	/usr/lib/libmecab.1.0.0.dylib
0x00007fff77268000 	/usr/lib/libgermantok.dylib
0x00007fff76699000 	/usr/lib/libThaiTokenizer.dylib
0x00007fff76145000 	/usr/lib/libChineseTokenizer.dylib
0x00007fff6b130000 	/System/Library/PrivateFrameworks/LanguageModeling.framework/Versions/A/LanguageModeling
0x00007fff60ea9000 	/System/Library/PrivateFrameworks/CoreEmoji.framework/Versions/A/CoreEmoji
0x00007fff6b20c000 	/System/Library/PrivateFrameworks/Lexicon.framework/Versions/A/Lexicon
0x00007fff6b24f000 	/System/Library/PrivateFrameworks/LinguisticData.framework/Versions/A/LinguisticData
0x00007fff7694a000 	/usr/lib/libcmph.dylib
0x00007fff58fba000 	/System/Library/Frameworks/ServiceManagement.framework/Versions/A/ServiceManagement
0x00007fff5e452000 	/System/Library/PrivateFrameworks/BackgroundTaskManagement.framework/Versions/A/BackgroundTaskManagement
0x00007fff78d10000 	/usr/lib/libxslt.1.dylib
0x00007fff4ccb9000 	/System/Library/Frameworks/Carbon.framework/Versions/A/Frameworks/Ink.framework/Versions/A/Ink
0x00007fff741d7000 	/System/Library/PrivateFrameworks/TextureIO.framework/Versions/A/TextureIO
0x00007fff766ed000 	/usr/lib/libate.dylib
0x00007fff62188000 	/System/Library/PrivateFrameworks/CrashReporterSupport.framework/Versions/A/CrashReporterSupport
0x00007fff71916000 	/System/Library/PrivateFrameworks/Sharing.framework/Versions/A/Sharing
0x00007fff5e1a4000 	/System/Library/PrivateFrameworks/AuthKit.framework/Versions/A/AuthKit
0x00007fff5d6f8000 	/System/Library/PrivateFrameworks/Apple80211.framework/Versions/A/Apple80211
0x00007fff61f32000 	/System/Library/PrivateFrameworks/CoreUtils.framework/Versions/A/CoreUtils
0x00007fff4f498000 	/System/Library/Frameworks/CoreWLAN.framework/Versions/A/CoreWLAN
0x00007fff4fe94000 	/System/Library/Frameworks/IOBluetooth.framework/Versions/A/IOBluetooth
0x00007fff6fd96000 	/System/Library/PrivateFrameworks/ProtocolBuffer.framework/Versions/A/ProtocolBuffer
0x00007fff6c1ac000 	/System/Library/PrivateFrameworks/MobileKeyBag.framework/Versions/A/MobileKeyBag
0x00007fff61776000 	/System/Library/PrivateFrameworks/CorePhoneNumbers.framework/Versions/A/CorePhoneNumbers
0x00007fff5d957000 	/System/Library/PrivateFrameworks/AppleIDAuthSupport.framework/Versions/A/AppleIDAuthSupport
0x00007fff6b103000 	/System/Library/PrivateFrameworks/KeychainCircle.framework/Versions/A/KeychainCircle
0x00007fff6ff4c000 	/System/Library/PrivateFrameworks/ROCKit.framework/Versions/A/ROCKit
0x00007fff62124000 	/System/Library/PrivateFrameworks/CoreWiFi.framework/Versions/A/CoreWiFi
0x00007fff4d204000 	/System/Library/Frameworks/CoreBluetooth.framework/Versions/A/CoreBluetooth
0x00007fff6237f000 	/System/Library/PrivateFrameworks/DebugSymbols.framework/Versions/A/DebugSymbols
0x00007fff61cf2000 	/System/Library/PrivateFrameworks/CoreSymbolication.framework/Versions/A/CoreSymbolication
0x00007fff739f2000 	/System/Library/PrivateFrameworks/Symbolication.framework/Versions/A/Symbolication
0x00007fff73295000 	/System/Library/PrivateFrameworks/SpeechRecognitionCore.framework/Versions/A/SpeechRecognitionCore
0x000000010c000000 	/Library/Java/JavaVirtualMachines/jdk1.8.0_202.jdk/Contents/Home/jre/lib/server/libjvm.dylib
0x00007fff78af2000 	/usr/lib/libstdc++.6.dylib
0x000000010b756000 	/Library/Java/JavaVirtualMachines/jdk1.8.0_202.jdk/Contents/Home/jre/lib/libverify.dylib
0x000000010b764000 	/Library/Java/JavaVirtualMachines/jdk1.8.0_202.jdk/Contents/Home/jre/lib/libjava.dylib
0x000000010b7e4000 	/Library/Java/JavaVirtualMachines/jdk1.8.0_202.jdk/Contents/Home/jre/lib/libzip.dylib
0x000000012054e000 	/Library/Java/JavaVirtualMachines/jdk1.8.0_202.jdk/Contents/Home/jre/lib/libawt.dylib
0x00000001205f7000 	/Library/Java/JavaVirtualMachines/jdk1.8.0_202.jdk/Contents/Home/jre/lib/./libmlib_image.dylib
0x00007fff51826000 	/System/Library/Frameworks/JavaVM.framework/Versions/A/Frameworks/JavaNativeFoundation.framework/Versions/A/JavaNativeFoundation
0x00007fff5182f000 	/System/Library/Frameworks/JavaVM.framework/Versions/A/Frameworks/JavaRuntimeSupport.framework/Versions/A/JavaRuntimeSupport
0x00007fff51838000 	/System/Library/Frameworks/JavaVM.framework/Versions/A/JavaVM
0x00007fff6b021000 	/System/Library/PrivateFrameworks/JavaLaunching.framework/Versions/A/JavaLaunching
0x00007fff4c9b3000 	/System/Library/Frameworks/Carbon.framework/Versions/A/Carbon
0x00007fff4c9b4000 	/System/Library/Frameworks/Carbon.framework/Versions/A/Frameworks/CommonPanels.framework/Versions/A/CommonPanels
0x00007fff4ccaf000 	/System/Library/Frameworks/Carbon.framework/Versions/A/Frameworks/Help.framework/Versions/A/Help
0x00007fff4ccb3000 	/System/Library/Frameworks/Carbon.framework/Versions/A/Frameworks/ImageCapture.framework/Versions/A/ImageCapture
0x00007fff4cd4f000 	/System/Library/Frameworks/Carbon.framework/Versions/A/Frameworks/OpenScripting.framework/Versions/A/OpenScripting
0x00007fff4cd87000 	/System/Library/Frameworks/Carbon.framework/Versions/A/Frameworks/Print.framework/Versions/A/Print
0x00007fff4cd89000 	/System/Library/Frameworks/Carbon.framework/Versions/A/Frameworks/SecurityHI.framework/Versions/A/SecurityHI
0x00000001206c3000 	/Library/Java/JavaVirtualMachines/jdk1.8.0_202.jdk/Contents/Home/jre/lib/libawt_lwawt.dylib
0x000000012077e000 	/Library/Java/JavaVirtualMachines/jdk1.8.0_202.jdk/Contents/Home/jre/lib/./libosxapp.dylib
0x00007fff4f922000 	/System/Library/Frameworks/ExceptionHandling.framework/Versions/A/ExceptionHandling
0x00007fff618fa000 	/System/Library/PrivateFrameworks/CoreServicesInternal.framework/Versions/A/CoreServicesInternal
0x00007fff41ccf000 	/System/Library/CoreServices/RawCamera.bundle/Contents/MacOS/RawCamera
0x00007fff6c015000 	/System/Library/PrivateFrameworks/MobileAsset.framework/Versions/A/MobileAsset
0x00007fff73940000 	/System/Library/PrivateFrameworks/StreamingZip.framework/Versions/A/StreamingZip
0x00007fff51bca000 	/System/Library/Frameworks/MediaToolbox.framework/Versions/A/MediaToolbox
0x00007fff60a4e000 	/System/Library/PrivateFrameworks/CoreAVCHD.framework/Versions/A/CoreAVCHD
0x00007fff51b10000 	/System/Library/Frameworks/MediaAccessibility.framework/Versions/A/MediaAccessibility
0x00007fff6ba72000 	/System/Library/PrivateFrameworks/Mangrove.framework/Versions/A/Mangrove
0x00007fff4e7bb000 	/System/Library/Frameworks/CoreMedia.framework/Versions/A/CoreMedia
0x00007fff59622000 	/System/Library/Frameworks/VideoToolbox.framework/Versions/A/VideoToolbox
0x00007fff6066a000 	/System/Library/PrivateFrameworks/CoreAUC.framework/Versions/A/CoreAUC
0x00007fff7882b000 	/usr/lib/libspindump.dylib
0x00007fff5dd26000 	/System/Library/PrivateFrameworks/AppleVA.framework/Versions/A/AppleVA
0x00007fff4992d000 	/System/Library/Frameworks/Accelerate.framework/Versions/A/Frameworks/vImage.framework/Versions/A/Libraries/libCGInterfaces.dylib
0x00007fff4be02000 	/System/Library/Frameworks/ApplicationServices.framework/Versions/A/Frameworks/ATS.framework/Versions/A/Resources/libTrueTypeScaler.dylib
0x00007fff456fc000 	/System/Library/Extensions/AppleIntelHD4000GraphicsMTLDriver.bundle/Contents/MacOS/AppleIntelHD4000GraphicsMTLDriver
0x00007fff67104000 	/System/Library/PrivateFrameworks/GPUCompiler.framework/Versions/3902/Libraries/libmetal_timestamp.dylib
0x00007fff6385a000 	/System/Library/PrivateFrameworks/FamilyControls.framework/Versions/A/FamilyControls
0x00007fff601bb000 	/System/Library/PrivateFrameworks/CommerceKit.framework/Versions/A/Frameworks/CommerceCore.framework/Versions/A/CommerceCore
0x00007fff73cc5000 	/System/Library/PrivateFrameworks/SystemAdministration.framework/Versions/A/SystemAdministration
0x00007fff5d5f9000 	/System/Library/PrivateFrameworks/AppContainer.framework/Versions/A/AppContainer
0x00007fff5d615000 	/System/Library/PrivateFrameworks/AppSandbox.framework/Versions/A/AppSandbox
0x00007fff717b7000 	/System/Library/PrivateFrameworks/SecCodeWrapper.framework/Versions/A/SecCodeWrapper
0x00007fff787dc000 	/usr/lib/libsandbox.1.dylib
0x00007fff7648c000 	/usr/lib/libMatch.1.dylib
0x00007fff62704000 	/System/Library/PrivateFrameworks/DiskManagement.framework/Versions/A/DiskManagement
0x00007fff4f69e000 	/System/Library/Frameworks/DirectoryService.framework/Versions/A/DirectoryService
0x00007fff62635000 	/System/Library/PrivateFrameworks/DiskImages.framework/Versions/A/DiskImages
0x00007fff6b348000 	/System/Library/PrivateFrameworks/LoginUIKit.framework/Versions/A/Frameworks/LoginUICore.framework/Versions/A/LoginUICore
0x00007fff76150000 	/usr/lib/libCoreStorage.dylib
0x00007fff77099000 	/usr/lib/libcsfde.dylib
0x00007fff7865c000 	/usr/lib/libodfde.dylib
0x00007fff6bb8a000 	/System/Library/PrivateFrameworks/MediaKit.framework/Versions/A/MediaKit
0x00007fff4f6aa000 	/System/Library/Frameworks/DiscRecording.framework/Versions/A/DiscRecording
0x00007fff62876000 	/System/Library/PrivateFrameworks/EFILogin.framework/Versions/A/EFILogin
0x00007fff6fd41000 	/System/Library/PrivateFrameworks/ProtectedCloudStorage.framework/Versions/A/ProtectedCloudStorage
0x00007fff7712b000 	/usr/lib/libcurl.4.dylib
0x00007fff76f98000 	/usr/lib/libcrypto.42.dylib
0x00007fff78ac2000 	/usr/lib/libssl.44.dylib
0x00007fff51857000 	/System/Library/Frameworks/LDAP.framework/Versions/A/LDAP
0x00007fff74355000 	/System/Library/PrivateFrameworks/TrustEvaluationAgent.framework/Versions/A/TrustEvaluationAgent
0x00007fff78818000 	/usr/lib/libsasl2.2.dylib
0x00007fff60ca6000 	/System/Library/PrivateFrameworks/CoreDaemon.framework/Versions/B/CoreDaemon
0x00007fff5dc3b000 	/System/Library/PrivateFrameworks/AppleSRP.framework/Versions/A/AppleSRP
0x00007fff7518e000 	/System/Library/PrivateFrameworks/ViewBridge.framework/Versions/A/ViewBridge
0x00007fff5736f000 	/System/Library/Frameworks/OpenGL.framework/Versions/A/Resources/GLEngine.bundle/GLEngine
0x00007fff56811000 	/System/Library/Frameworks/OpenGL.framework/Versions/A/Libraries/libGLProgrammability.dylib
0x00007fff451fa000 	/System/Library/Extensions/AppleIntelHD4000GraphicsGLDriver.bundle/Contents/MacOS/AppleIntelHD4000GraphicsGLDriver
0x00007fff68799000 	/System/Library/PrivateFrameworks/GPUSupport.framework/Versions/A/Libraries/libGPUSupportMercury.dylib
0x00007fff57507000 	/System/Library/Frameworks/OpenGL.framework/Versions/A/Resources/GLRendererFloat.bundle/GLRendererFloat
0x00007fff55ddb000 	/System/Library/Frameworks/OpenCL.framework/Versions/A/Libraries/libcldcpuengine.dylib
0x00007fff76d9e000 	/usr/lib/libcrypto.35.dylib
0x000000012558b000 	/Library/Java/JavaVirtualMachines/jdk1.8.0_202.jdk/Contents/Home/jre/lib/libfontmanager.dylib
0x00000001255ff000 	/Library/Java/JavaVirtualMachines/jdk1.8.0_202.jdk/Contents/Home/jre/lib/libosxui.dylib
0x00000001242d6000 	/Users/andrea/.javacpp/cache/opencv-macosx-x86_64.jar/org/bytedeco/opencv/macosx-x86_64/libopencv_core.4.0.dylib
0x00000001246c6000 	/Library/Java/JavaVirtualMachines/jdk1.8.0_202.jdk/Contents/Home/jre/lib/libnio.dylib
0x00000001246d6000 	/Library/Java/JavaVirtualMachines/jdk1.8.0_202.jdk/Contents/Home/jre/lib/./libnet.dylib
0x00000001260f3000 	/Users/andrea/.javacpp/cache/opencv-macosx-x86_64.jar/org/bytedeco/opencv/macosx-x86_64/libopencv_imgproc.4.0.dylib
0x0000000126530000 	/Users/andrea/.javacpp/cache/opencv-macosx-x86_64.jar/org/bytedeco/opencv/macosx-x86_64/libjniopencv_core.dylib
0x0000000126a57000 	/Users/andrea/.javacpp/cache/opencv-macosx-x86_64.jar/org/bytedeco/opencv/macosx-x86_64/libjniopencv_imgproc.dylib
0x0000000126bdc000 	/Users/andrea/.javacpp/cache/opencv-macosx-x86_64.jar/org/bytedeco/opencv/macosx-x86_64/libopencv_imgcodecs.4.0.dylib
0x0000000124215000 	/Users/andrea/.javacpp/cache/opencv-macosx-x86_64.jar/org/bytedeco/opencv/macosx-x86_64/libjniopencv_imgcodecs.dylib
0x000000012424d000 	/Users/andrea/.javacpp/cache/opencv-macosx-x86_64.jar/org/bytedeco/opencv/macosx-x86_64/libopencv_videoio.4.0.dylib
0x00007fff49582000 	/System/Library/Frameworks/AVFoundation.framework/Versions/A/AVFoundation
0x00007fff4975f000 	/System/Library/Frameworks/AVFoundation.framework/Versions/A/Frameworks/AVFAudio.framework/Versions/A/AVFAudio
0x00007fff6af99000 	/System/Library/PrivateFrameworks/InternationalSupport.framework/Versions/A/InternationalSupport
0x00007fff4e8c0000 	/System/Library/Frameworks/CoreMediaIO.framework/Versions/A/CoreMediaIO
0x00007fff700d1000 	/System/Library/PrivateFrameworks/RemoteServiceDiscovery.framework/Versions/A/RemoteServiceDiscovery
0x00007fff70112000 	/System/Library/PrivateFrameworks/RemoteXPC.framework/Versions/A/RemoteXPC
0x0000000124785000 	/Users/andrea/.javacpp/cache/opencv-macosx-x86_64.jar/org/bytedeco/opencv/macosx-x86_64/libjniopencv_videoio.dylib
0x00000001242c2000 	/System/Library/Extensions/AppleHDA.kext/Contents/PlugIns/AppleHDAHALPlugIn.bundle/Contents/MacOS/AppleHDAHALPlugIn
0x00000001247a0000 	/System/Library/Frameworks/CoreMediaIO.framework/Resources/VDC.plugin/Contents/MacOS/VDC
0x0000000127090000 	/System/Library/Frameworks/CoreMediaIO.framework/Resources/CMIOUnits.bundle/Contents/MacOS/CMIOUnits
0x00007fff6340c000 	/System/Library/PrivateFrameworks/FWAVC.framework/Versions/A/FWAVC
0x00000001268fd000 	/System/Library/Frameworks/CoreMediaIO.framework/Resources/BaseUnits/CMIOBaseUnits.bundle/Contents/MacOS/CMIOBaseUnits

VM Arguments:
jvm_args: -Djava.library.path=/Users/andrea/Downloads/javacv-bin/idk/opencv-macosx-x86_64/org/bytedeco/opencv/macosx-x86_64:/Users/andrea/Desktop/pinkanel/libs/macos -Dfile.encoding=UTF-8 
java_command: io.ghostyjade.pinkanell.PinkanellMain
java_class_path (initial): /Users/andrea/Desktop/pinkanel/libs/javacpp.jar:/Users/andrea/Desktop/pinkanel/libs/javacv.jar:/Users/andrea/Desktop/pinkanel/libs/opencv-linux-armhf.jar:/Users/andrea/Desktop/pinkanel/libs/opencv-macosx-x86_64.jar:/Users/andrea/Desktop/pinkanel/libs/opencv-windows-x86_64.jar:/Users/andrea/Desktop/pinkanel/libs/opencv.jar:/Users/andrea/Desktop/pinkanel/libs/rxtx-2.1.7.jar:/Users/andrea/Desktop/pinkanel/libs/rxtx-native-linux.jar:/Users/andrea/Desktop/pinkanel/libs/rxtx-native-macosx.jar:/Users/andrea/Desktop/pinkanel/libs/rxtx-native-windows.jar:/Users/andrea/Desktop/pinkanel/Pinkanell/bin
Launcher Type: SUN_STANDARD

Environment Variables:
PATH=/usr/bin:/bin:/usr/sbin:/sbin
SHELL=/bin/bash
DISPLAY=/private/tmp/com.apple.launchd.kybirl5ypk/org.macosforge.xquartz:0

Signal Handlers:
SIGSEGV: [libjvm.dylib+0x5b719d], sa_mask[0]=11111111011111110111111111111111, sa_flags=SA_ONSTACK|SA_RESTART|SA_SIGINFO
SIGBUS: [libjvm.dylib+0x5b719d], sa_mask[0]=11111111011111110111111111111111, sa_flags=SA_RESTART|SA_SIGINFO
SIGFPE: [libjvm.dylib+0x48c8fc], sa_mask[0]=11111111011111110111111111111111, sa_flags=SA_RESTART|SA_SIGINFO
SIGPIPE: [libjvm.dylib+0x48c8fc], sa_mask[0]=11111111011111110111111111111111, sa_flags=SA_RESTART|SA_SIGINFO
SIGXFSZ: [libjvm.dylib+0x48c8fc], sa_mask[0]=11111111011111110111111111111111, sa_flags=SA_RESTART|SA_SIGINFO
SIGILL: [libjvm.dylib+0x48c8fc], sa_mask[0]=11111111011111110111111111111111, sa_flags=SA_RESTART|SA_SIGINFO
SIGUSR1: SIG_DFL, sa_mask[0]=00000000000000000000000000000000, sa_flags=none
SIGUSR2: [libjvm.dylib+0x48c41a], sa_mask[0]=00100000000000000000000000000000, sa_flags=SA_RESTART|SA_SIGINFO
SIGHUP: [libjvm.dylib+0x48a9a5], sa_mask[0]=11111111011111110111111111111111, sa_flags=SA_RESTART|SA_SIGINFO
SIGINT: [libjvm.dylib+0x48a9a5], sa_mask[0]=11111111011111110111111111111111, sa_flags=SA_RESTART|SA_SIGINFO
SIGTERM: [libjvm.dylib+0x48a9a5], sa_mask[0]=11111111011111110111111111111111, sa_flags=SA_RESTART|SA_SIGINFO
SIGQUIT: [libjvm.dylib+0x48a9a5], sa_mask[0]=11111111011111110111111111111111, sa_flags=SA_RESTART|SA_SIGINFO


---------------  S Y S T E M  ---------------

OS:Bsduname:Darwin 18.6.0 Darwin Kernel Version 18.6.0: Thu Apr 25 23:16:27 PDT 2019; root:xnu-4903.261.4~2/RELEASE_X86_64 x86_64
rlimit: STACK 8192k, CORE 0k, NPROC 709, NOFILE 10240, AS infinity
load average:1.84 2.11 1.91

CPU:total 4 (initial active 4) (2 cores per cpu, 2 threads per core) family 6 model 58 stepping 9, cmov, cx8, fxsr, mmx, sse, sse2, sse3, ssse3, sse4.1, sse4.2, popcnt, avx, aes, clmul, erms, ht, tsc, tscinvbit, tscinv

Memory: 4k page, physical 4194304k(71284k free)

/proc/meminfo:


vm_info: Java HotSpot(TM) 64-Bit Server VM (25.202-b08) for bsd-amd64 JRE (1.8.0_202-b08), built on Dec 15 2018 20:16:16 by "java_re" with gcc 4.2.1 (Based on Apple Inc. build 5658) (LLVM build 2336.11.00)

time: Wed Jun 19 16:48:51 2019
timezone: CEST
elapsed time: 3 seconds (0d 0h 0m 3s)

